[ 2016-01-09T16:26:28+08:00 ] 127.0.0.1 /index.php?m=Search&a=getHost&houid=5&cupid=33&ishost[0]=neq&ishost[1]=2&start=0&length=15&ordername=id&orderby=asc&_=1452327988465
INFO: [ app_begin ] --START--
INFO: ReadHtmlCache Behavior ::run [ RunTime:0.001000s ]
INFO: CheckLang Behavior ::run [ RunTime:0.003501s ]
INFO: [ app_begin ] --END-- [ RunTime:0.004501s ]
NOTIC: [8192] mysql_connect(): The mysql extension is deprecated and will be removed in the future: use mysqli or PDO instead D:\phpsite\idc\ThinkPHP\Extend\Driver\Session\SessionDb.class.php 第 100 行.
NOTIC: [8] Undefined index: _URL_ D:\phpsite\idc\Home\Lib\Action\CommonAction.class.php 第 13 行.
SQL: SHOW COLUMNS FROM `uqee_notify` [ RunTime:0.004000s ]
NOTIC: [8192] preg_replace(): The /e modifier is deprecated, use preg_replace_callback instead D:\phpsite\idc\ThinkPHP\Lib\Core\Db.class.php 第 604 行.
SQL: SELECT `state` FROM `uqee_notify` LIMIT 1   [ RunTime:0.000000s ]
SQL: SHOW COLUMNS FROM `uqee_game` [ RunTime:0.009002s ]
NOTIC: [8192] preg_replace(): The /e modifier is deprecated, use preg_replace_callback instead D:\phpsite\idc\ThinkPHP\Lib\Core\Db.class.php 第 604 行.
SQL: SELECT * FROM `uqee_game`  [ RunTime:0.000000s ]
SQL: SHOW COLUMNS FROM `uqee_hostlist` [ RunTime:0.004500s ]
NOTIC: [8192] preg_replace(): The /e modifier is deprecated, use preg_replace_callback instead D:\phpsite\idc\ThinkPHP\Lib\Core\Db.class.php 第 604 行.
SQL: SELECT * FROM `uqee_hostlist`  [ RunTime:0.014002s ]
SQL: SHOW COLUMNS FROM `uqee_house` [ RunTime:0.004001s ]
NOTIC: [8192] preg_replace(): The /e modifier is deprecated, use preg_replace_callback instead D:\phpsite\idc\ThinkPHP\Lib\Core\Db.class.php 第 604 行.
SQL: SELECT * FROM `uqee_house` ORDER BY place  [ RunTime:0.000500s ]
SQL: SHOW COLUMNS FROM `uqee_cupboard` [ RunTime:0.003500s ]
NOTIC: [8192] preg_replace(): The /e modifier is deprecated, use preg_replace_callback instead D:\phpsite\idc\ThinkPHP\Lib\Core\Db.class.php 第 604 行.
SQL: SELECT * FROM `uqee_cupboard`  [ RunTime:0.000500s ]
SQL: SHOW COLUMNS FROM `uqee_ops` [ RunTime:0.003501s ]
NOTIC: [8192] preg_replace(): The /e modifier is deprecated, use preg_replace_callback instead D:\phpsite\idc\ThinkPHP\Lib\Core\Db.class.php 第 604 行.
SQL: SELECT * FROM `uqee_ops`  [ RunTime:0.000500s ]
SQL: SHOW COLUMNS FROM `uqee_hosttemplate` [ RunTime:0.005501s ]
NOTIC: [8192] preg_replace(): The /e modifier is deprecated, use preg_replace_callback instead D:\phpsite\idc\ThinkPHP\Lib\Core\Db.class.php 第 604 行.
SQL: SELECT * FROM `uqee_hosttemplate`  [ RunTime:0.001000s ]
NOTIC: [8] Undefined index: id D:\phpsite\idc\Home\Lib\Action\CommonAction.class.php 第 176 行.
NOTIC: [8] Undefined index: cupname D:\phpsite\idc\Home\Lib\Action\CommonAction.class.php 第 176 行.
NOTIC: [8] Undefined index: id D:\phpsite\idc\Home\Lib\Action\CommonAction.class.php 第 176 行.
NOTIC: [8] Undefined index: cupname D:\phpsite\idc\Home\Lib\Action\CommonAction.class.php 第 176 行.
NOTIC: [8] Undefined index: id D:\phpsite\idc\Home\Lib\Action\CommonAction.class.php 第 176 行.
NOTIC: [8] Undefined index: cupname D:\phpsite\idc\Home\Lib\Action\CommonAction.class.php 第 176 行.
NOTIC: [8] Undefined index: id D:\phpsite\idc\Home\Lib\Action\CommonAction.class.php 第 176 行.
NOTIC: [8] Undefined index: cupname D:\phpsite\idc\Home\Lib\Action\CommonAction.class.php 第 176 行.
NOTIC: [8] Undefined index: id D:\phpsite\idc\Home\Lib\Action\CommonAction.class.php 第 176 行.
NOTIC: [8] Undefined index: cupname D:\phpsite\idc\Home\Lib\Action\CommonAction.class.php 第 176 行.
NOTIC: [8] Undefined index: id D:\phpsite\idc\Home\Lib\Action\CommonAction.class.php 第 176 行.
NOTIC: [8] Undefined index: cupname D:\phpsite\idc\Home\Lib\Action\CommonAction.class.php 第 176 行.
NOTIC: [8] Undefined index: id D:\phpsite\idc\Home\Lib\Action\CommonAction.class.php 第 176 行.
NOTIC: [8] Undefined index: cupname D:\phpsite\idc\Home\Lib\Action\CommonAction.class.php 第 176 行.
NOTIC: [8] Undefined index: id D:\phpsite\idc\Home\Lib\Action\CommonAction.class.php 第 176 行.
NOTIC: [8] Undefined index: cupname D:\phpsite\idc\Home\Lib\Action\CommonAction.class.php 第 176 行.
NOTIC: [8] Undefined index: id D:\phpsite\idc\Home\Lib\Action\CommonAction.class.php 第 176 行.
NOTIC: [8] Undefined index: cupname D:\phpsite\idc\Home\Lib\Action\CommonAction.class.php 第 176 行.
NOTIC: [8] Undefined index: id D:\phpsite\idc\Home\Lib\Action\CommonAction.class.php 第 176 行.
NOTIC: [8] Undefined index: cupname D:\phpsite\idc\Home\Lib\Action\CommonAction.class.php 第 176 行.
NOTIC: [8] Undefined index: id D:\phpsite\idc\Home\Lib\Action\CommonAction.class.php 第 176 行.
NOTIC: [8] Undefined index: cupname D:\phpsite\idc\Home\Lib\Action\CommonAction.class.php 第 176 行.
NOTIC: [8] Undefined index: id D:\phpsite\idc\Home\Lib\Action\CommonAction.class.php 第 176 行.
NOTIC: [8] Undefined index: cupname D:\phpsite\idc\Home\Lib\Action\CommonAction.class.php 第 176 行.
NOTIC: [8] Undefined index: id D:\phpsite\idc\Home\Lib\Action\CommonAction.class.php 第 176 行.
NOTIC: [8] Undefined index: cupname D:\phpsite\idc\Home\Lib\Action\CommonAction.class.php 第 176 行.
NOTIC: [8] Undefined index: id D:\phpsite\idc\Home\Lib\Action\CommonAction.class.php 第 176 行.
NOTIC: [8] Undefined index: cupname D:\phpsite\idc\Home\Lib\Action\CommonAction.class.php 第 176 行.
NOTIC: [8] Undefined index: id D:\phpsite\idc\Home\Lib\Action\CommonAction.class.php 第 176 行.
NOTIC: [8] Undefined index: cupname D:\phpsite\idc\Home\Lib\Action\CommonAction.class.php 第 176 行.
NOTIC: [8] Undefined index: id D:\phpsite\idc\Home\Lib\Action\CommonAction.class.php 第 176 行.
NOTIC: [8] Undefined index: cupname D:\phpsite\idc\Home\Lib\Action\CommonAction.class.php 第 176 行.
NOTIC: [8] Undefined index: id D:\phpsite\idc\Home\Lib\Action\CommonAction.class.php 第 176 行.
NOTIC: [8] Undefined index: cupname D:\phpsite\idc\Home\Lib\Action\CommonAction.class.php 第 176 行.
NOTIC: [8] Undefined index: id D:\phpsite\idc\Home\Lib\Action\CommonAction.class.php 第 176 行.
NOTIC: [8] Undefined index: cupname D:\phpsite\idc\Home\Lib\Action\CommonAction.class.php 第 176 行.
NOTIC: [8] Undefined index: id D:\phpsite\idc\Home\Lib\Action\CommonAction.class.php 第 176 行.
NOTIC: [8] Undefined index: cupname D:\phpsite\idc\Home\Lib\Action\CommonAction.class.php 第 176 行.
NOTIC: [8] Undefined index: id D:\phpsite\idc\Home\Lib\Action\CommonAction.class.php 第 176 行.
NOTIC: [8] Undefined index: cupname D:\phpsite\idc\Home\Lib\Action\CommonAction.class.php 第 176 行.
NOTIC: [8] Undefined index: id D:\phpsite\idc\Home\Lib\Action\CommonAction.class.php 第 176 行.
NOTIC: [8] Undefined index: cupname D:\phpsite\idc\Home\Lib\Action\CommonAction.class.php 第 176 行.
NOTIC: [8] Undefined index: id D:\phpsite\idc\Home\Lib\Action\CommonAction.class.php 第 176 行.
NOTIC: [8] Undefined index: cupname D:\phpsite\idc\Home\Lib\Action\CommonAction.class.php 第 176 行.
NOTIC: [8] Undefined index: id D:\phpsite\idc\Home\Lib\Action\CommonAction.class.php 第 176 行.
NOTIC: [8] Undefined index: cupname D:\phpsite\idc\Home\Lib\Action\CommonAction.class.php 第 176 行.
NOTIC: [8] Undefined index: id D:\phpsite\idc\Home\Lib\Action\CommonAction.class.php 第 176 行.
NOTIC: [8] Undefined index: cupname D:\phpsite\idc\Home\Lib\Action\CommonAction.class.php 第 176 行.
NOTIC: [8] Undefined index: id D:\phpsite\idc\Home\Lib\Action\CommonAction.class.php 第 176 行.
NOTIC: [8] Undefined index: cupname D:\phpsite\idc\Home\Lib\Action\CommonAction.class.php 第 176 行.
SQL: SHOW COLUMNS FROM `uqee_hostlist` [ RunTime:0.004000s ]
NOTIC: [8192] preg_replace(): The /e modifier is deprecated, use preg_replace_callback instead D:\phpsite\idc\ThinkPHP\Lib\Core\Db.class.php 第 604 行.
SQL: SELECT COUNT(*) AS tp_count FROM `uqee_hostlist` WHERE ( `ismanager` = 0 ) AND ( `ishost` = 0 ) AND ( `status` = 1 ) LIMIT 1   [ RunTime:0.002501s ]
NOTIC: [8192] preg_replace(): The /e modifier is deprecated, use preg_replace_callback instead D:\phpsite\idc\ThinkPHP\Lib\Core\Db.class.php 第 604 行.
SQL: SELECT COUNT(*) AS tp_count FROM `uqee_hostlist` WHERE ( `ismanager` = 0 ) AND ( `ishost` = 0 ) AND ( `status` = 0 ) LIMIT 1   [ RunTime:0.002000s ]
NOTIC: [8192] preg_replace(): The /e modifier is deprecated, use preg_replace_callback instead D:\phpsite\idc\ThinkPHP\Lib\Core\Db.class.php 第 604 行.
SQL: SELECT COUNT(*) AS tp_count FROM `uqee_hostlist` WHERE ( `ismanager` = 0 ) AND ( `ishost` = 0 ) AND ( `hostype` = 1 ) LIMIT 1   [ RunTime:0.002000s ]
NOTIC: [8192] preg_replace(): The /e modifier is deprecated, use preg_replace_callback instead D:\phpsite\idc\ThinkPHP\Lib\Core\Db.class.php 第 604 行.
SQL: SELECT COUNT(*) AS tp_count FROM `uqee_hostlist` WHERE ( `ismanager` = 0 ) AND ( `ishost` = 0 ) AND ( `hostype` = 2 ) LIMIT 1   [ RunTime:0.003501s ]
NOTIC: [8192] preg_replace(): The /e modifier is deprecated, use preg_replace_callback instead D:\phpsite\idc\ThinkPHP\Lib\Core\Db.class.php 第 604 行.
SQL: SELECT COUNT(*) AS tp_count FROM `uqee_hostlist` WHERE ( `ismanager` = 0 ) AND ( `ishost` = 1 ) LIMIT 1   [ RunTime:0.002000s ]
NOTIC: [8192] preg_replace(): The /e modifier is deprecated, use preg_replace_callback instead D:\phpsite\idc\ThinkPHP\Lib\Core\Db.class.php 第 604 行.
SQL: SELECT COUNT(*) AS tp_count FROM `uqee_hostlist` WHERE ( `ismanager` = 1 ) AND ( `ishost` = 0 ) AND ( `status` = 1 ) LIMIT 1   [ RunTime:0.002000s ]
NOTIC: [8192] preg_replace(): The /e modifier is deprecated, use preg_replace_callback instead D:\phpsite\idc\ThinkPHP\Lib\Core\Db.class.php 第 604 行.
SQL: SELECT COUNT(*) AS tp_count FROM `uqee_hostlist` WHERE ( `ismanager` = 1 ) AND ( `ishost` = 0 ) AND ( `status` = 0 ) LIMIT 1   [ RunTime:0.002000s ]
NOTIC: [8192] preg_replace(): The /e modifier is deprecated, use preg_replace_callback instead D:\phpsite\idc\ThinkPHP\Lib\Core\Db.class.php 第 604 行.
SQL: SELECT COUNT(*) AS tp_count FROM `uqee_hostlist` WHERE ( `ismanager` = 1 ) AND ( `ishost` = 0 ) AND ( `hostype` = 1 ) LIMIT 1   [ RunTime:0.002001s ]
NOTIC: [8192] preg_replace(): The /e modifier is deprecated, use preg_replace_callback instead D:\phpsite\idc\ThinkPHP\Lib\Core\Db.class.php 第 604 行.
SQL: SELECT COUNT(*) AS tp_count FROM `uqee_hostlist` WHERE ( `ismanager` = 1 ) AND ( `ishost` = 0 ) AND ( `hostype` = 2 ) LIMIT 1   [ RunTime:0.002500s ]
NOTIC: [8192] preg_replace(): The /e modifier is deprecated, use preg_replace_callback instead D:\phpsite\idc\ThinkPHP\Lib\Core\Db.class.php 第 604 行.
SQL: SELECT COUNT(*) AS tp_count FROM `uqee_hostlist` WHERE ( `ismanager` = 1 ) AND ( `ishost` = 1 ) LIMIT 1   [ RunTime:0.003500s ]
NOTIC: [8192] preg_replace(): The /e modifier is deprecated, use preg_replace_callback instead D:\phpsite\idc\ThinkPHP\Lib\Core\Db.class.php 第 604 行.
SQL: SELECT COUNT(*) AS tp_count FROM `uqee_hostlist` WHERE ( `ismanager` = 0 ) AND ( `ishost` = 2 ) AND ( `status` = 1 ) LIMIT 1   [ RunTime:0.001501s ]
NOTIC: [8192] preg_replace(): The /e modifier is deprecated, use preg_replace_callback instead D:\phpsite\idc\ThinkPHP\Lib\Core\Db.class.php 第 604 行.
SQL: SELECT COUNT(*) AS tp_count FROM `uqee_hostlist` WHERE ( `ismanager` = 0 ) AND ( `ishost` = 2 ) AND ( `status` = 0 ) LIMIT 1   [ RunTime:0.002000s ]
NOTIC: [8192] preg_replace(): The /e modifier is deprecated, use preg_replace_callback instead D:\phpsite\idc\ThinkPHP\Lib\Core\Db.class.php 第 604 行.
SQL: SELECT COUNT(*) AS tp_count FROM `uqee_hostlist` WHERE ( `ismanager` = 0 ) AND ( `ishost` = 2 ) AND ( `hostype` = 1 ) LIMIT 1   [ RunTime:0.002000s ]
NOTIC: [8192] preg_replace(): The /e modifier is deprecated, use preg_replace_callback instead D:\phpsite\idc\ThinkPHP\Lib\Core\Db.class.php 第 604 行.
SQL: SELECT COUNT(*) AS tp_count FROM `uqee_hostlist` WHERE ( `ismanager` = 0 ) AND ( `ishost` = 2 ) AND ( `hostype` = 2 ) LIMIT 1   [ RunTime:0.002000s ]
NOTIC: [8192] preg_replace(): The /e modifier is deprecated, use preg_replace_callback instead D:\phpsite\idc\ThinkPHP\Lib\Core\Db.class.php 第 604 行.
SQL: SELECT COUNT(*) AS tp_count FROM `uqee_hostlist` WHERE ( `ismanager` = 1 ) AND ( `ishost` = 2 ) AND ( `status` = 1 ) LIMIT 1   [ RunTime:0.002001s ]
NOTIC: [8192] preg_replace(): The /e modifier is deprecated, use preg_replace_callback instead D:\phpsite\idc\ThinkPHP\Lib\Core\Db.class.php 第 604 行.
SQL: SELECT COUNT(*) AS tp_count FROM `uqee_hostlist` WHERE ( `ismanager` = 1 ) AND ( `ishost` = 2 ) AND ( `status` = 0 ) LIMIT 1   [ RunTime:0.002000s ]
NOTIC: [8192] preg_replace(): The /e modifier is deprecated, use preg_replace_callback instead D:\phpsite\idc\ThinkPHP\Lib\Core\Db.class.php 第 604 行.
SQL: SELECT COUNT(*) AS tp_count FROM `uqee_hostlist` WHERE ( `ismanager` = 1 ) AND ( `ishost` = 2 ) AND ( `hostype` = 1 ) LIMIT 1   [ RunTime:0.003000s ]
NOTIC: [8192] preg_replace(): The /e modifier is deprecated, use preg_replace_callback instead D:\phpsite\idc\ThinkPHP\Lib\Core\Db.class.php 第 604 行.
SQL: SELECT COUNT(*) AS tp_count FROM `uqee_hostlist` WHERE ( `ismanager` = 1 ) AND ( `ishost` = 2 ) AND ( `hostype` = 2 ) LIMIT 1   [ RunTime:0.002501s ]
SQL: SHOW COLUMNS FROM `uqee_hosttemplate` [ RunTime:0.004000s ]
NOTIC: [8192] preg_replace(): The /e modifier is deprecated, use preg_replace_callback instead D:\phpsite\idc\ThinkPHP\Lib\Core\Db.class.php 第 604 行.
SQL: SELECT * FROM `uqee_hosttemplate`  [ RunTime:0.000500s ]
NOTIC: [8192] preg_replace(): The /e modifier is deprecated, use preg_replace_callback instead D:\phpsite\idc\ThinkPHP\Lib\Core\Db.class.php 第 604 行.
SQL: SELECT * FROM `uqee_hostlist` WHERE ( `houid` = 5 ) AND ( `cupid` = 33 ) AND ( `ishost` <> '2' ) ORDER BY id asc LIMIT 0,15   [ RunTime:0.011502s ]
NOTIC: [8192] preg_replace(): The /e modifier is deprecated, use preg_replace_callback instead D:\phpsite\idc\ThinkPHP\Lib\Core\Db.class.php 第 604 行.
SQL: SELECT COUNT(*) AS tp_count FROM `uqee_hostlist` WHERE ( `houid` = 5 ) AND ( `cupid` = 33 ) AND ( `ishost` <> '2' ) LIMIT 1   [ RunTime:0.002000s ]

