[ 2016-02-24T17:52:48+08:00 ] 127.0.0.1 /index.php?m=Search&a=postHandle
INFO: [ app_begin ] --START--
INFO: ReadHtmlCache Behavior ::run [ RunTime:0.000501s ]
INFO: CheckLang Behavior ::run [ RunTime:0.001000s ]
INFO: [ app_begin ] --END-- [ RunTime:0.001501s ]
NOTIC: [8] Undefined index: _URL_ D:\phpsite\idc\Home\Lib\Action\CommonAction.class.php 第 13 行.
SQL: SHOW COLUMNS FROM `uqee_notify` [ RunTime:0.003001s ]
SQL: SELECT `state` FROM `uqee_notify` LIMIT 1   [ RunTime:0.000500s ]
NOTIC: [8] Use of undefined constant IS_PSOT - assumed 'IS_PSOT' D:\phpsite\idc\Home\Lib\Action\SearchAction.class.php 第 110 行.
SQL: SHOW COLUMNS FROM `uqee_game` [ RunTime:0.003500s ]
SQL: SELECT * FROM `uqee_game`  [ RunTime:0.000000s ]
SQL: SHOW COLUMNS FROM `uqee_hostlist` [ RunTime:0.004000s ]
SQL: SELECT * FROM `uqee_hostlist`  [ RunTime:0.010501s ]
SQL: SHOW COLUMNS FROM `uqee_house` [ RunTime:0.004001s ]
SQL: SELECT * FROM `uqee_house` ORDER BY place  [ RunTime:0.000500s ]
SQL: SHOW COLUMNS FROM `uqee_cupboard` [ RunTime:0.003500s ]
SQL: SELECT * FROM `uqee_cupboard`  [ RunTime:0.000000s ]
SQL: SHOW COLUMNS FROM `uqee_ops` [ RunTime:0.004000s ]
SQL: SELECT * FROM `uqee_ops`  [ RunTime:0.000500s ]
SQL: SHOW COLUMNS FROM `uqee_hosttemplate` [ RunTime:0.004001s ]
SQL: SELECT * FROM `uqee_hosttemplate`  [ RunTime:0.000500s ]
NOTIC: [8] Undefined index: id D:\phpsite\idc\Home\Lib\Action\CommonAction.class.php 第 204 行.
NOTIC: [8] Undefined index: cupname D:\phpsite\idc\Home\Lib\Action\CommonAction.class.php 第 204 行.
NOTIC: [8] Undefined index: id D:\phpsite\idc\Home\Lib\Action\CommonAction.class.php 第 204 行.
NOTIC: [8] Undefined index: cupname D:\phpsite\idc\Home\Lib\Action\CommonAction.class.php 第 204 行.
NOTIC: [8] Undefined index: id D:\phpsite\idc\Home\Lib\Action\CommonAction.class.php 第 204 行.
NOTIC: [8] Undefined index: cupname D:\phpsite\idc\Home\Lib\Action\CommonAction.class.php 第 204 行.
NOTIC: [8] Undefined index: id D:\phpsite\idc\Home\Lib\Action\CommonAction.class.php 第 204 行.
NOTIC: [8] Undefined index: cupname D:\phpsite\idc\Home\Lib\Action\CommonAction.class.php 第 204 行.
NOTIC: [8] Undefined index: id D:\phpsite\idc\Home\Lib\Action\CommonAction.class.php 第 204 行.
NOTIC: [8] Undefined index: cupname D:\phpsite\idc\Home\Lib\Action\CommonAction.class.php 第 204 行.
NOTIC: [8] Undefined index: id D:\phpsite\idc\Home\Lib\Action\CommonAction.class.php 第 204 行.
NOTIC: [8] Undefined index: cupname D:\phpsite\idc\Home\Lib\Action\CommonAction.class.php 第 204 行.
NOTIC: [8] Undefined index: id D:\phpsite\idc\Home\Lib\Action\CommonAction.class.php 第 204 行.
NOTIC: [8] Undefined index: cupname D:\phpsite\idc\Home\Lib\Action\CommonAction.class.php 第 204 行.
NOTIC: [8] Undefined index: id D:\phpsite\idc\Home\Lib\Action\CommonAction.class.php 第 204 行.
NOTIC: [8] Undefined index: cupname D:\phpsite\idc\Home\Lib\Action\CommonAction.class.php 第 204 行.
NOTIC: [8] Undefined index: id D:\phpsite\idc\Home\Lib\Action\CommonAction.class.php 第 204 行.
NOTIC: [8] Undefined index: cupname D:\phpsite\idc\Home\Lib\Action\CommonAction.class.php 第 204 行.
NOTIC: [8] Undefined index: id D:\phpsite\idc\Home\Lib\Action\CommonAction.class.php 第 204 行.
NOTIC: [8] Undefined index: cupname D:\phpsite\idc\Home\Lib\Action\CommonAction.class.php 第 204 行.
NOTIC: [8] Undefined index: id D:\phpsite\idc\Home\Lib\Action\CommonAction.class.php 第 204 行.
NOTIC: [8] Undefined index: cupname D:\phpsite\idc\Home\Lib\Action\CommonAction.class.php 第 204 行.
NOTIC: [8] Undefined index: id D:\phpsite\idc\Home\Lib\Action\CommonAction.class.php 第 204 行.
NOTIC: [8] Undefined index: cupname D:\phpsite\idc\Home\Lib\Action\CommonAction.class.php 第 204 行.
NOTIC: [8] Undefined index: id D:\phpsite\idc\Home\Lib\Action\CommonAction.class.php 第 204 行.
NOTIC: [8] Undefined index: cupname D:\phpsite\idc\Home\Lib\Action\CommonAction.class.php 第 204 行.
NOTIC: [8] Undefined index: id D:\phpsite\idc\Home\Lib\Action\CommonAction.class.php 第 204 行.
NOTIC: [8] Undefined index: cupname D:\phpsite\idc\Home\Lib\Action\CommonAction.class.php 第 204 行.
NOTIC: [8] Undefined index: id D:\phpsite\idc\Home\Lib\Action\CommonAction.class.php 第 204 行.
NOTIC: [8] Undefined index: cupname D:\phpsite\idc\Home\Lib\Action\CommonAction.class.php 第 204 行.
NOTIC: [8] Undefined index: id D:\phpsite\idc\Home\Lib\Action\CommonAction.class.php 第 204 行.
NOTIC: [8] Undefined index: cupname D:\phpsite\idc\Home\Lib\Action\CommonAction.class.php 第 204 行.
NOTIC: [8] Undefined index: id D:\phpsite\idc\Home\Lib\Action\CommonAction.class.php 第 204 行.
NOTIC: [8] Undefined index: cupname D:\phpsite\idc\Home\Lib\Action\CommonAction.class.php 第 204 行.
NOTIC: [8] Undefined index: id D:\phpsite\idc\Home\Lib\Action\CommonAction.class.php 第 204 行.
NOTIC: [8] Undefined index: cupname D:\phpsite\idc\Home\Lib\Action\CommonAction.class.php 第 204 行.
NOTIC: [8] Undefined index: id D:\phpsite\idc\Home\Lib\Action\CommonAction.class.php 第 204 行.
NOTIC: [8] Undefined index: cupname D:\phpsite\idc\Home\Lib\Action\CommonAction.class.php 第 204 行.
NOTIC: [8] Undefined index: id D:\phpsite\idc\Home\Lib\Action\CommonAction.class.php 第 204 行.
NOTIC: [8] Undefined index: cupname D:\phpsite\idc\Home\Lib\Action\CommonAction.class.php 第 204 行.
NOTIC: [8] Undefined index: id D:\phpsite\idc\Home\Lib\Action\CommonAction.class.php 第 204 行.
NOTIC: [8] Undefined index: cupname D:\phpsite\idc\Home\Lib\Action\CommonAction.class.php 第 204 行.
NOTIC: [8] Undefined index: id D:\phpsite\idc\Home\Lib\Action\CommonAction.class.php 第 204 行.
NOTIC: [8] Undefined index: cupname D:\phpsite\idc\Home\Lib\Action\CommonAction.class.php 第 204 行.
NOTIC: [8] Undefined index: id D:\phpsite\idc\Home\Lib\Action\CommonAction.class.php 第 204 行.
NOTIC: [8] Undefined index: cupname D:\phpsite\idc\Home\Lib\Action\CommonAction.class.php 第 204 行.
NOTIC: [8] Undefined index: id D:\phpsite\idc\Home\Lib\Action\CommonAction.class.php 第 204 行.
NOTIC: [8] Undefined index: cupname D:\phpsite\idc\Home\Lib\Action\CommonAction.class.php 第 204 行.
NOTIC: [8] Undefined index: id D:\phpsite\idc\Home\Lib\Action\CommonAction.class.php 第 204 行.
NOTIC: [8] Undefined index: cupname D:\phpsite\idc\Home\Lib\Action\CommonAction.class.php 第 204 行.
SQL: SHOW COLUMNS FROM `uqee_hostlist` [ RunTime:0.004001s ]
SQL: SELECT COUNT(*) AS tp_count FROM `uqee_hostlist` WHERE ( `ismanager` = 0 ) AND ( `ishost` = 0 ) AND ( `status` = 1 ) LIMIT 1   [ RunTime:0.002000s ]
SQL: SELECT COUNT(*) AS tp_count FROM `uqee_hostlist` WHERE ( `ismanager` = 0 ) AND ( `ishost` = 0 ) AND ( `status` = 0 ) LIMIT 1   [ RunTime:0.001500s ]
SQL: SELECT COUNT(*) AS tp_count FROM `uqee_hostlist` WHERE ( `ismanager` = 0 ) AND ( `ishost` = 0 ) AND ( `hostype` = 1 ) LIMIT 1   [ RunTime:0.001500s ]
SQL: SELECT COUNT(*) AS tp_count FROM `uqee_hostlist` WHERE ( `ismanager` = 0 ) AND ( `ishost` = 0 ) AND ( `hostype` = 2 ) LIMIT 1   [ RunTime:0.001501s ]
SQL: SELECT COUNT(*) AS tp_count FROM `uqee_hostlist` WHERE ( `ismanager` = 0 ) AND ( `ishost` = 1 ) LIMIT 1   [ RunTime:0.002000s ]
SQL: SELECT COUNT(*) AS tp_count FROM `uqee_hostlist` WHERE ( `ismanager` = 1 ) AND ( `ishost` = 0 ) AND ( `status` = 1 ) LIMIT 1   [ RunTime:0.002000s ]
SQL: SELECT COUNT(*) AS tp_count FROM `uqee_hostlist` WHERE ( `ismanager` = 1 ) AND ( `ishost` = 0 ) AND ( `status` = 0 ) LIMIT 1   [ RunTime:0.002000s ]
SQL: SELECT COUNT(*) AS tp_count FROM `uqee_hostlist` WHERE ( `ismanager` = 1 ) AND ( `ishost` = 0 ) AND ( `hostype` = 1 ) LIMIT 1   [ RunTime:0.002001s ]
SQL: SELECT COUNT(*) AS tp_count FROM `uqee_hostlist` WHERE ( `ismanager` = 1 ) AND ( `ishost` = 0 ) AND ( `hostype` = 2 ) LIMIT 1   [ RunTime:0.002000s ]
SQL: SELECT COUNT(*) AS tp_count FROM `uqee_hostlist` WHERE ( `ismanager` = 1 ) AND ( `ishost` = 1 ) LIMIT 1   [ RunTime:0.002000s ]
SQL: SELECT COUNT(*) AS tp_count FROM `uqee_hostlist` WHERE ( `ismanager` = 0 ) AND ( `ishost` = 2 ) AND ( `status` = 1 ) LIMIT 1   [ RunTime:0.002000s ]
SQL: SELECT COUNT(*) AS tp_count FROM `uqee_hostlist` WHERE ( `ismanager` = 0 ) AND ( `ishost` = 2 ) AND ( `status` = 0 ) LIMIT 1   [ RunTime:0.002001s ]
SQL: SELECT COUNT(*) AS tp_count FROM `uqee_hostlist` WHERE ( `ismanager` = 0 ) AND ( `ishost` = 2 ) AND ( `hostype` = 1 ) LIMIT 1   [ RunTime:0.002000s ]
SQL: SELECT COUNT(*) AS tp_count FROM `uqee_hostlist` WHERE ( `ismanager` = 0 ) AND ( `ishost` = 2 ) AND ( `hostype` = 2 ) LIMIT 1   [ RunTime:0.002000s ]
SQL: SELECT COUNT(*) AS tp_count FROM `uqee_hostlist` WHERE ( `ismanager` = 1 ) AND ( `ishost` = 2 ) AND ( `status` = 1 ) LIMIT 1   [ RunTime:0.001500s ]
SQL: SELECT COUNT(*) AS tp_count FROM `uqee_hostlist` WHERE ( `ismanager` = 1 ) AND ( `ishost` = 2 ) AND ( `status` = 0 ) LIMIT 1   [ RunTime:0.002000s ]
SQL: SELECT COUNT(*) AS tp_count FROM `uqee_hostlist` WHERE ( `ismanager` = 1 ) AND ( `ishost` = 2 ) AND ( `hostype` = 1 ) LIMIT 1   [ RunTime:0.006501s ]
SQL: SELECT COUNT(*) AS tp_count FROM `uqee_hostlist` WHERE ( `ismanager` = 1 ) AND ( `ishost` = 2 ) AND ( `hostype` = 2 ) LIMIT 1   [ RunTime:0.002000s ]
SQL: SHOW COLUMNS FROM `uqee_hosttemplate` [ RunTime:0.003500s ]
SQL: SELECT * FROM `uqee_hosttemplate`  [ RunTime:0.000500s ]
NOTIC: 建议使用I方法替代_get
INFO: [ view_parse ] --START--
NOTIC: [8] Undefined offset: 1 D:\phpsite\idc\ThinkPHP\Lib\Driver\TagLib\TagLibCx.class.php 第 524 行.
NOTIC: [8] Undefined index: houid D:\phpsite\idc\Home\Runtime\Cache\56e106eb2901eab0e7600cdd3fc53752.php 第 691 行.
NOTIC: [8] Undefined index: houid D:\phpsite\idc\Home\Runtime\Cache\56e106eb2901eab0e7600cdd3fc53752.php 第 699 行.
NOTIC: [8] Undefined index: cupid D:\phpsite\idc\Home\Runtime\Cache\56e106eb2901eab0e7600cdd3fc53752.php 第 700 行.
NOTIC: [8] Undefined index: cupid D:\phpsite\idc\Home\Runtime\Cache\56e106eb2901eab0e7600cdd3fc53752.php 第 700 行.
NOTIC: [8] Undefined index: cupid D:\phpsite\idc\Home\Runtime\Cache\56e106eb2901eab0e7600cdd3fc53752.php 第 700 行.
NOTIC: [8] Undefined index: cupid D:\phpsite\idc\Home\Runtime\Cache\56e106eb2901eab0e7600cdd3fc53752.php 第 700 行.
NOTIC: [8] Undefined index: cupid D:\phpsite\idc\Home\Runtime\Cache\56e106eb2901eab0e7600cdd3fc53752.php 第 700 行.
NOTIC: [8] Undefined index: cupid D:\phpsite\idc\Home\Runtime\Cache\56e106eb2901eab0e7600cdd3fc53752.php 第 700 行.
NOTIC: [8] Undefined index: cupid D:\phpsite\idc\Home\Runtime\Cache\56e106eb2901eab0e7600cdd3fc53752.php 第 700 行.
NOTIC: [8] Undefined index: houid D:\phpsite\idc\Home\Runtime\Cache\56e106eb2901eab0e7600cdd3fc53752.php 第 691 行.
NOTIC: [8] Undefined index: houid D:\phpsite\idc\Home\Runtime\Cache\56e106eb2901eab0e7600cdd3fc53752.php 第 699 行.
NOTIC: [8] Undefined index: cupid D:\phpsite\idc\Home\Runtime\Cache\56e106eb2901eab0e7600cdd3fc53752.php 第 700 行.
NOTIC: [8] Undefined index: cupid D:\phpsite\idc\Home\Runtime\Cache\56e106eb2901eab0e7600cdd3fc53752.php 第 700 行.
NOTIC: [8] Undefined index: cupid D:\phpsite\idc\Home\Runtime\Cache\56e106eb2901eab0e7600cdd3fc53752.php 第 700 行.
NOTIC: [8] Undefined index: cupid D:\phpsite\idc\Home\Runtime\Cache\56e106eb2901eab0e7600cdd3fc53752.php 第 700 行.
NOTIC: [8] Undefined index: cupid D:\phpsite\idc\Home\Runtime\Cache\56e106eb2901eab0e7600cdd3fc53752.php 第 700 行.
NOTIC: [8] Undefined index: cupid D:\phpsite\idc\Home\Runtime\Cache\56e106eb2901eab0e7600cdd3fc53752.php 第 700 行.
NOTIC: [8] Undefined index: cupid D:\phpsite\idc\Home\Runtime\Cache\56e106eb2901eab0e7600cdd3fc53752.php 第 700 行.
NOTIC: [8] Undefined index: cupid D:\phpsite\idc\Home\Runtime\Cache\56e106eb2901eab0e7600cdd3fc53752.php 第 700 行.
NOTIC: [8] Undefined index: houid D:\phpsite\idc\Home\Runtime\Cache\56e106eb2901eab0e7600cdd3fc53752.php 第 691 行.
NOTIC: [8] Undefined index: houid D:\phpsite\idc\Home\Runtime\Cache\56e106eb2901eab0e7600cdd3fc53752.php 第 699 行.
NOTIC: [8] Undefined index: cupid D:\phpsite\idc\Home\Runtime\Cache\56e106eb2901eab0e7600cdd3fc53752.php 第 700 行.
NOTIC: [8] Undefined index: cupid D:\phpsite\idc\Home\Runtime\Cache\56e106eb2901eab0e7600cdd3fc53752.php 第 700 行.
NOTIC: [8] Undefined index: cupid D:\phpsite\idc\Home\Runtime\Cache\56e106eb2901eab0e7600cdd3fc53752.php 第 700 行.
NOTIC: [8] Undefined index: cupid D:\phpsite\idc\Home\Runtime\Cache\56e106eb2901eab0e7600cdd3fc53752.php 第 700 行.
NOTIC: [8] Undefined index: cupid D:\phpsite\idc\Home\Runtime\Cache\56e106eb2901eab0e7600cdd3fc53752.php 第 700 行.
NOTIC: [8] Undefined index: cupid D:\phpsite\idc\Home\Runtime\Cache\56e106eb2901eab0e7600cdd3fc53752.php 第 700 行.
NOTIC: [8] Undefined index: cupid D:\phpsite\idc\Home\Runtime\Cache\56e106eb2901eab0e7600cdd3fc53752.php 第 700 行.
NOTIC: [8] Undefined index: cupid D:\phpsite\idc\Home\Runtime\Cache\56e106eb2901eab0e7600cdd3fc53752.php 第 700 行.
NOTIC: [8] Undefined index: cupid D:\phpsite\idc\Home\Runtime\Cache\56e106eb2901eab0e7600cdd3fc53752.php 第 700 行.
NOTIC: [8] Undefined index: cupid D:\phpsite\idc\Home\Runtime\Cache\56e106eb2901eab0e7600cdd3fc53752.php 第 700 行.
NOTIC: [8] Undefined index: cupid D:\phpsite\idc\Home\Runtime\Cache\56e106eb2901eab0e7600cdd3fc53752.php 第 700 行.
NOTIC: [8] Undefined index: cupid D:\phpsite\idc\Home\Runtime\Cache\56e106eb2901eab0e7600cdd3fc53752.php 第 700 行.
NOTIC: [8] Undefined index: cupid D:\phpsite\idc\Home\Runtime\Cache\56e106eb2901eab0e7600cdd3fc53752.php 第 700 行.
NOTIC: [8] Undefined index: houid D:\phpsite\idc\Home\Runtime\Cache\56e106eb2901eab0e7600cdd3fc53752.php 第 691 行.
NOTIC: [8] Undefined index: houid D:\phpsite\idc\Home\Runtime\Cache\56e106eb2901eab0e7600cdd3fc53752.php 第 699 行.
NOTIC: [8] Undefined index: cupid D:\phpsite\idc\Home\Runtime\Cache\56e106eb2901eab0e7600cdd3fc53752.php 第 700 行.
NOTIC: [8] Undefined index: cupid D:\phpsite\idc\Home\Runtime\Cache\56e106eb2901eab0e7600cdd3fc53752.php 第 700 行.
NOTIC: [8] Undefined index: cupid D:\phpsite\idc\Home\Runtime\Cache\56e106eb2901eab0e7600cdd3fc53752.php 第 700 行.
NOTIC: [8] Undefined index: houid D:\phpsite\idc\Home\Runtime\Cache\56e106eb2901eab0e7600cdd3fc53752.php 第 691 行.
NOTIC: [8] Undefined index: houid D:\phpsite\idc\Home\Runtime\Cache\56e106eb2901eab0e7600cdd3fc53752.php 第 699 行.
NOTIC: [8] Undefined index: cupid D:\phpsite\idc\Home\Runtime\Cache\56e106eb2901eab0e7600cdd3fc53752.php 第 700 行.
NOTIC: [8] Undefined index: cupid D:\phpsite\idc\Home\Runtime\Cache\56e106eb2901eab0e7600cdd3fc53752.php 第 700 行.
NOTIC: [8] Undefined index: houid D:\phpsite\idc\Home\Runtime\Cache\56e106eb2901eab0e7600cdd3fc53752.php 第 691 行.
NOTIC: [8] Undefined index: houid D:\phpsite\idc\Home\Runtime\Cache\56e106eb2901eab0e7600cdd3fc53752.php 第 699 行.
NOTIC: [8] Undefined index: cupid D:\phpsite\idc\Home\Runtime\Cache\56e106eb2901eab0e7600cdd3fc53752.php 第 700 行.
NOTIC: [8] Undefined index: houid D:\phpsite\idc\Home\Runtime\Cache\56e106eb2901eab0e7600cdd3fc53752.php 第 691 行.
NOTIC: [8] Undefined index: houid D:\phpsite\idc\Home\Runtime\Cache\56e106eb2901eab0e7600cdd3fc53752.php 第 699 行.
NOTIC: [8] Undefined index: cupid D:\phpsite\idc\Home\Runtime\Cache\56e106eb2901eab0e7600cdd3fc53752.php 第 700 行.
NOTIC: [8] Undefined index: houid D:\phpsite\idc\Home\Runtime\Cache\56e106eb2901eab0e7600cdd3fc53752.php 第 691 行.
NOTIC: [8] Undefined index: houid D:\phpsite\idc\Home\Runtime\Cache\56e106eb2901eab0e7600cdd3fc53752.php 第 699 行.
NOTIC: [8] Undefined index: cupid D:\phpsite\idc\Home\Runtime\Cache\56e106eb2901eab0e7600cdd3fc53752.php 第 700 行.
NOTIC: [8] Undefined index: houid D:\phpsite\idc\Home\Runtime\Cache\56e106eb2901eab0e7600cdd3fc53752.php 第 691 行.
NOTIC: [8] Undefined index: houid D:\phpsite\idc\Home\Runtime\Cache\56e106eb2901eab0e7600cdd3fc53752.php 第 699 行.
NOTIC: [8] Undefined index: cupid D:\phpsite\idc\Home\Runtime\Cache\56e106eb2901eab0e7600cdd3fc53752.php 第 700 行.
NOTIC: [8] Undefined index: cupid D:\phpsite\idc\Home\Runtime\Cache\56e106eb2901eab0e7600cdd3fc53752.php 第 700 行.
NOTIC: [8] Undefined index: houid D:\phpsite\idc\Home\Runtime\Cache\56e106eb2901eab0e7600cdd3fc53752.php 第 691 行.
NOTIC: [8] Undefined index: houid D:\phpsite\idc\Home\Runtime\Cache\56e106eb2901eab0e7600cdd3fc53752.php 第 699 行.
NOTIC: [8] Undefined index: cupid D:\phpsite\idc\Home\Runtime\Cache\56e106eb2901eab0e7600cdd3fc53752.php 第 700 行.
NOTIC: [8] Undefined index: houid D:\phpsite\idc\Home\Runtime\Cache\56e106eb2901eab0e7600cdd3fc53752.php 第 691 行.
NOTIC: [8] Undefined index: houid D:\phpsite\idc\Home\Runtime\Cache\56e106eb2901eab0e7600cdd3fc53752.php 第 699 行.
NOTIC: [8] Undefined index: cupid D:\phpsite\idc\Home\Runtime\Cache\56e106eb2901eab0e7600cdd3fc53752.php 第 700 行.
NOTIC: [8] Undefined index: houid D:\phpsite\idc\Home\Runtime\Cache\56e106eb2901eab0e7600cdd3fc53752.php 第 691 行.
NOTIC: [8] Undefined index: houid D:\phpsite\idc\Home\Runtime\Cache\56e106eb2901eab0e7600cdd3fc53752.php 第 699 行.
NOTIC: [8] Undefined index: cupid D:\phpsite\idc\Home\Runtime\Cache\56e106eb2901eab0e7600cdd3fc53752.php 第 700 行.
NOTIC: [8] Undefined index: houid D:\phpsite\idc\Home\Runtime\Cache\56e106eb2901eab0e7600cdd3fc53752.php 第 691 行.
NOTIC: [8] Undefined index: houid D:\phpsite\idc\Home\Runtime\Cache\56e106eb2901eab0e7600cdd3fc53752.php 第 699 行.
NOTIC: [8] Undefined index: cupid D:\phpsite\idc\Home\Runtime\Cache\56e106eb2901eab0e7600cdd3fc53752.php 第 700 行.
NOTIC: [8] Undefined index: houid D:\phpsite\idc\Home\Runtime\Cache\56e106eb2901eab0e7600cdd3fc53752.php 第 691 行.
NOTIC: [8] Undefined index: houid D:\phpsite\idc\Home\Runtime\Cache\56e106eb2901eab0e7600cdd3fc53752.php 第 699 行.
NOTIC: [8] Undefined index: cupid D:\phpsite\idc\Home\Runtime\Cache\56e106eb2901eab0e7600cdd3fc53752.php 第 700 行.
NOTIC: [8] Undefined index: houid D:\phpsite\idc\Home\Runtime\Cache\56e106eb2901eab0e7600cdd3fc53752.php 第 691 行.
NOTIC: [8] Undefined index: houid D:\phpsite\idc\Home\Runtime\Cache\56e106eb2901eab0e7600cdd3fc53752.php 第 699 行.
NOTIC: [8] Undefined index: cupid D:\phpsite\idc\Home\Runtime\Cache\56e106eb2901eab0e7600cdd3fc53752.php 第 700 行.
NOTIC: [8] Undefined index: houid D:\phpsite\idc\Home\Runtime\Cache\56e106eb2901eab0e7600cdd3fc53752.php 第 691 行.
NOTIC: [8] Undefined index: houid D:\phpsite\idc\Home\Runtime\Cache\56e106eb2901eab0e7600cdd3fc53752.php 第 699 行.
NOTIC: [8] Undefined index: cupid D:\phpsite\idc\Home\Runtime\Cache\56e106eb2901eab0e7600cdd3fc53752.php 第 700 行.
NOTIC: [8] Undefined index: houid D:\phpsite\idc\Home\Runtime\Cache\56e106eb2901eab0e7600cdd3fc53752.php 第 691 行.
NOTIC: [8] Undefined index: houid D:\phpsite\idc\Home\Runtime\Cache\56e106eb2901eab0e7600cdd3fc53752.php 第 699 行.
NOTIC: [8] Undefined index: cupid D:\phpsite\idc\Home\Runtime\Cache\56e106eb2901eab0e7600cdd3fc53752.php 第 700 行.
NOTIC: [8] Undefined index: houid D:\phpsite\idc\Home\Runtime\Cache\56e106eb2901eab0e7600cdd3fc53752.php 第 691 行.
NOTIC: [8] Undefined index: houid D:\phpsite\idc\Home\Runtime\Cache\56e106eb2901eab0e7600cdd3fc53752.php 第 699 行.
NOTIC: [8] Undefined index: cupid D:\phpsite\idc\Home\Runtime\Cache\56e106eb2901eab0e7600cdd3fc53752.php 第 700 行.
NOTIC: [8] Undefined index: houid D:\phpsite\idc\Home\Runtime\Cache\56e106eb2901eab0e7600cdd3fc53752.php 第 691 行.
NOTIC: [8] Undefined index: houid D:\phpsite\idc\Home\Runtime\Cache\56e106eb2901eab0e7600cdd3fc53752.php 第 699 行.
NOTIC: [8] Undefined index: cupid D:\phpsite\idc\Home\Runtime\Cache\56e106eb2901eab0e7600cdd3fc53752.php 第 700 行.
NOTIC: [8] Undefined index: cupid D:\phpsite\idc\Home\Runtime\Cache\56e106eb2901eab0e7600cdd3fc53752.php 第 700 行.
NOTIC: [8] Undefined index: houid D:\phpsite\idc\Home\Runtime\Cache\56e106eb2901eab0e7600cdd3fc53752.php 第 691 行.
NOTIC: [8] Undefined index: houid D:\phpsite\idc\Home\Runtime\Cache\56e106eb2901eab0e7600cdd3fc53752.php 第 699 行.
NOTIC: [8] Undefined index: cupid D:\phpsite\idc\Home\Runtime\Cache\56e106eb2901eab0e7600cdd3fc53752.php 第 700 行.
NOTIC: [8] Undefined index: houid D:\phpsite\idc\Home\Runtime\Cache\56e106eb2901eab0e7600cdd3fc53752.php 第 691 行.
NOTIC: [8] Undefined index: houid D:\phpsite\idc\Home\Runtime\Cache\56e106eb2901eab0e7600cdd3fc53752.php 第 699 行.
NOTIC: [8] Undefined index: cupid D:\phpsite\idc\Home\Runtime\Cache\56e106eb2901eab0e7600cdd3fc53752.php 第 700 行.
NOTIC: [8] Undefined index: houid D:\phpsite\idc\Home\Runtime\Cache\56e106eb2901eab0e7600cdd3fc53752.php 第 691 行.
NOTIC: [8] Undefined index: houid D:\phpsite\idc\Home\Runtime\Cache\56e106eb2901eab0e7600cdd3fc53752.php 第 699 行.
NOTIC: [8] Undefined index: cupid D:\phpsite\idc\Home\Runtime\Cache\56e106eb2901eab0e7600cdd3fc53752.php 第 700 行.
NOTIC: [8] Undefined index: houid D:\phpsite\idc\Home\Runtime\Cache\56e106eb2901eab0e7600cdd3fc53752.php 第 691 行.
NOTIC: [8] Undefined index: houid D:\phpsite\idc\Home\Runtime\Cache\56e106eb2901eab0e7600cdd3fc53752.php 第 699 行.
NOTIC: [8] Undefined index: cupid D:\phpsite\idc\Home\Runtime\Cache\56e106eb2901eab0e7600cdd3fc53752.php 第 700 行.
NOTIC: [8] Undefined index: houid D:\phpsite\idc\Home\Runtime\Cache\56e106eb2901eab0e7600cdd3fc53752.php 第 691 行.
NOTIC: [8] Undefined index: houid D:\phpsite\idc\Home\Runtime\Cache\56e106eb2901eab0e7600cdd3fc53752.php 第 699 行.
NOTIC: [8] Undefined index: cupid D:\phpsite\idc\Home\Runtime\Cache\56e106eb2901eab0e7600cdd3fc53752.php 第 700 行.
NOTIC: [8] Undefined index: houid D:\phpsite\idc\Home\Runtime\Cache\56e106eb2901eab0e7600cdd3fc53752.php 第 691 行.
NOTIC: [8] Undefined index: houid D:\phpsite\idc\Home\Runtime\Cache\56e106eb2901eab0e7600cdd3fc53752.php 第 699 行.
NOTIC: [8] Undefined index: cupid D:\phpsite\idc\Home\Runtime\Cache\56e106eb2901eab0e7600cdd3fc53752.php 第 700 行.
NOTIC: [8] Undefined index: cupid D:\phpsite\idc\Home\Runtime\Cache\56e106eb2901eab0e7600cdd3fc53752.php 第 700 行.
NOTIC: [8] Undefined index: cupid D:\phpsite\idc\Home\Runtime\Cache\56e106eb2901eab0e7600cdd3fc53752.php 第 700 行.
NOTIC: [8] Undefined variable: hostinfo D:\phpsite\idc\Home\Runtime\Cache\56e106eb2901eab0e7600cdd3fc53752.php 第 788 行.
NOTIC: [8] Use of undefined constant __id - assumed '__id' D:\phpsite\idc\Home\Runtime\Cache\56e106eb2901eab0e7600cdd3fc53752.php 第 1255 行.
INFO: ParseTemplate Behavior ::run [ RunTime:0.062508s ]
INFO: [ view_parse ] --END-- [ RunTime:0.062508s ]
INFO: [ view_filter ] --START--
INFO: ContentReplace Behavior ::run [ RunTime:0.001500s ]
INFO: TokenBuild Behavior ::run [ RunTime:0.000500s ]
INFO: WriteHtmlCache Behavior ::run [ RunTime:0.000500s ]
INFO: ShowRuntime Behavior ::run [ RunTime:0.000500s ]
INFO: [ view_filter ] --END-- [ RunTime:0.003000s ]
INFO: [ view_end ] --START--
INFO: ShowPageTrace Behavior ::run [ RunTime:0.000500s ]
INFO: [ view_end ] --END-- [ RunTime:0.000500s ]

[ 2016-02-24T17:52:49+08:00 ] 127.0.0.1 /index.php?m=Search&a=getHost&mainip[0]=like&mainip[1]=%254$&table=Hostlist&start=0&length=15&ordername=id&orderby=asc&_=1456307568862
INFO: [ app_begin ] --START--
INFO: ReadHtmlCache Behavior ::run [ RunTime:0.000500s ]
INFO: CheckLang Behavior ::run [ RunTime:0.001000s ]
INFO: [ app_begin ] --END-- [ RunTime:0.002000s ]
NOTIC: [8] Undefined index: _URL_ D:\phpsite\idc\Home\Lib\Action\CommonAction.class.php 第 13 行.
SQL: SHOW COLUMNS FROM `uqee_notify` [ RunTime:0.003500s ]
SQL: SELECT `state` FROM `uqee_notify` LIMIT 1   [ RunTime:0.000500s ]
SQL: SHOW COLUMNS FROM `uqee_game` [ RunTime:0.003500s ]
SQL: SELECT * FROM `uqee_game`  [ RunTime:0.000500s ]
SQL: SHOW COLUMNS FROM `uqee_hostlist` [ RunTime:0.005001s ]
SQL: SELECT * FROM `uqee_hostlist`  [ RunTime:0.010501s ]
SQL: SHOW COLUMNS FROM `uqee_house` [ RunTime:0.004001s ]
SQL: SELECT * FROM `uqee_house` ORDER BY place  [ RunTime:0.001500s ]
SQL: SHOW COLUMNS FROM `uqee_cupboard` [ RunTime:0.003500s ]
SQL: SELECT * FROM `uqee_cupboard`  [ RunTime:0.000501s ]
SQL: SHOW COLUMNS FROM `uqee_ops` [ RunTime:0.003500s ]
SQL: SELECT * FROM `uqee_ops`  [ RunTime:0.000500s ]
SQL: SHOW COLUMNS FROM `uqee_hosttemplate` [ RunTime:0.005501s ]
SQL: SELECT * FROM `uqee_hosttemplate`  [ RunTime:0.000500s ]
NOTIC: [8] Undefined index: id D:\phpsite\idc\Home\Lib\Action\CommonAction.class.php 第 204 行.
NOTIC: [8] Undefined index: cupname D:\phpsite\idc\Home\Lib\Action\CommonAction.class.php 第 204 行.
NOTIC: [8] Undefined index: id D:\phpsite\idc\Home\Lib\Action\CommonAction.class.php 第 204 行.
NOTIC: [8] Undefined index: cupname D:\phpsite\idc\Home\Lib\Action\CommonAction.class.php 第 204 行.
NOTIC: [8] Undefined index: id D:\phpsite\idc\Home\Lib\Action\CommonAction.class.php 第 204 行.
NOTIC: [8] Undefined index: cupname D:\phpsite\idc\Home\Lib\Action\CommonAction.class.php 第 204 行.
NOTIC: [8] Undefined index: id D:\phpsite\idc\Home\Lib\Action\CommonAction.class.php 第 204 行.
NOTIC: [8] Undefined index: cupname D:\phpsite\idc\Home\Lib\Action\CommonAction.class.php 第 204 行.
NOTIC: [8] Undefined index: id D:\phpsite\idc\Home\Lib\Action\CommonAction.class.php 第 204 行.
NOTIC: [8] Undefined index: cupname D:\phpsite\idc\Home\Lib\Action\CommonAction.class.php 第 204 行.
NOTIC: [8] Undefined index: id D:\phpsite\idc\Home\Lib\Action\CommonAction.class.php 第 204 行.
NOTIC: [8] Undefined index: cupname D:\phpsite\idc\Home\Lib\Action\CommonAction.class.php 第 204 行.
NOTIC: [8] Undefined index: id D:\phpsite\idc\Home\Lib\Action\CommonAction.class.php 第 204 行.
NOTIC: [8] Undefined index: cupname D:\phpsite\idc\Home\Lib\Action\CommonAction.class.php 第 204 行.
NOTIC: [8] Undefined index: id D:\phpsite\idc\Home\Lib\Action\CommonAction.class.php 第 204 行.
NOTIC: [8] Undefined index: cupname D:\phpsite\idc\Home\Lib\Action\CommonAction.class.php 第 204 行.
NOTIC: [8] Undefined index: id D:\phpsite\idc\Home\Lib\Action\CommonAction.class.php 第 204 行.
NOTIC: [8] Undefined index: cupname D:\phpsite\idc\Home\Lib\Action\CommonAction.class.php 第 204 行.
NOTIC: [8] Undefined index: id D:\phpsite\idc\Home\Lib\Action\CommonAction.class.php 第 204 行.
NOTIC: [8] Undefined index: cupname D:\phpsite\idc\Home\Lib\Action\CommonAction.class.php 第 204 行.
NOTIC: [8] Undefined index: id D:\phpsite\idc\Home\Lib\Action\CommonAction.class.php 第 204 行.
NOTIC: [8] Undefined index: cupname D:\phpsite\idc\Home\Lib\Action\CommonAction.class.php 第 204 行.
NOTIC: [8] Undefined index: id D:\phpsite\idc\Home\Lib\Action\CommonAction.class.php 第 204 行.
NOTIC: [8] Undefined index: cupname D:\phpsite\idc\Home\Lib\Action\CommonAction.class.php 第 204 行.
NOTIC: [8] Undefined index: id D:\phpsite\idc\Home\Lib\Action\CommonAction.class.php 第 204 行.
NOTIC: [8] Undefined index: cupname D:\phpsite\idc\Home\Lib\Action\CommonAction.class.php 第 204 行.
NOTIC: [8] Undefined index: id D:\phpsite\idc\Home\Lib\Action\CommonAction.class.php 第 204 行.
NOTIC: [8] Undefined index: cupname D:\phpsite\idc\Home\Lib\Action\CommonAction.class.php 第 204 行.
NOTIC: [8] Undefined index: id D:\phpsite\idc\Home\Lib\Action\CommonAction.class.php 第 204 行.
NOTIC: [8] Undefined index: cupname D:\phpsite\idc\Home\Lib\Action\CommonAction.class.php 第 204 行.
NOTIC: [8] Undefined index: id D:\phpsite\idc\Home\Lib\Action\CommonAction.class.php 第 204 行.
NOTIC: [8] Undefined index: cupname D:\phpsite\idc\Home\Lib\Action\CommonAction.class.php 第 204 行.
NOTIC: [8] Undefined index: id D:\phpsite\idc\Home\Lib\Action\CommonAction.class.php 第 204 行.
NOTIC: [8] Undefined index: cupname D:\phpsite\idc\Home\Lib\Action\CommonAction.class.php 第 204 行.
NOTIC: [8] Undefined index: id D:\phpsite\idc\Home\Lib\Action\CommonAction.class.php 第 204 行.
NOTIC: [8] Undefined index: cupname D:\phpsite\idc\Home\Lib\Action\CommonAction.class.php 第 204 行.
NOTIC: [8] Undefined index: id D:\phpsite\idc\Home\Lib\Action\CommonAction.class.php 第 204 行.
NOTIC: [8] Undefined index: cupname D:\phpsite\idc\Home\Lib\Action\CommonAction.class.php 第 204 行.
NOTIC: [8] Undefined index: id D:\phpsite\idc\Home\Lib\Action\CommonAction.class.php 第 204 行.
NOTIC: [8] Undefined index: cupname D:\phpsite\idc\Home\Lib\Action\CommonAction.class.php 第 204 行.
NOTIC: [8] Undefined index: id D:\phpsite\idc\Home\Lib\Action\CommonAction.class.php 第 204 行.
NOTIC: [8] Undefined index: cupname D:\phpsite\idc\Home\Lib\Action\CommonAction.class.php 第 204 行.
NOTIC: [8] Undefined index: id D:\phpsite\idc\Home\Lib\Action\CommonAction.class.php 第 204 行.
NOTIC: [8] Undefined index: cupname D:\phpsite\idc\Home\Lib\Action\CommonAction.class.php 第 204 行.
NOTIC: [8] Undefined index: id D:\phpsite\idc\Home\Lib\Action\CommonAction.class.php 第 204 行.
NOTIC: [8] Undefined index: cupname D:\phpsite\idc\Home\Lib\Action\CommonAction.class.php 第 204 行.
NOTIC: [8] Undefined index: id D:\phpsite\idc\Home\Lib\Action\CommonAction.class.php 第 204 行.
NOTIC: [8] Undefined index: cupname D:\phpsite\idc\Home\Lib\Action\CommonAction.class.php 第 204 行.
NOTIC: [8] Undefined index: id D:\phpsite\idc\Home\Lib\Action\CommonAction.class.php 第 204 行.
NOTIC: [8] Undefined index: cupname D:\phpsite\idc\Home\Lib\Action\CommonAction.class.php 第 204 行.
SQL: SHOW COLUMNS FROM `uqee_hostlist` [ RunTime:0.004001s ]
SQL: SELECT COUNT(*) AS tp_count FROM `uqee_hostlist` WHERE ( `ismanager` = 0 ) AND ( `ishost` = 0 ) AND ( `status` = 1 ) LIMIT 1   [ RunTime:0.002000s ]
SQL: SELECT COUNT(*) AS tp_count FROM `uqee_hostlist` WHERE ( `ismanager` = 0 ) AND ( `ishost` = 0 ) AND ( `status` = 0 ) LIMIT 1   [ RunTime:0.001500s ]
SQL: SELECT COUNT(*) AS tp_count FROM `uqee_hostlist` WHERE ( `ismanager` = 0 ) AND ( `ishost` = 0 ) AND ( `hostype` = 1 ) LIMIT 1   [ RunTime:0.002001s ]
SQL: SELECT COUNT(*) AS tp_count FROM `uqee_hostlist` WHERE ( `ismanager` = 0 ) AND ( `ishost` = 0 ) AND ( `hostype` = 2 ) LIMIT 1   [ RunTime:0.003000s ]
SQL: SELECT COUNT(*) AS tp_count FROM `uqee_hostlist` WHERE ( `ismanager` = 0 ) AND ( `ishost` = 1 ) LIMIT 1   [ RunTime:0.002000s ]
SQL: SELECT COUNT(*) AS tp_count FROM `uqee_hostlist` WHERE ( `ismanager` = 1 ) AND ( `ishost` = 0 ) AND ( `status` = 1 ) LIMIT 1   [ RunTime:0.002001s ]
SQL: SELECT COUNT(*) AS tp_count FROM `uqee_hostlist` WHERE ( `ismanager` = 1 ) AND ( `ishost` = 0 ) AND ( `status` = 0 ) LIMIT 1   [ RunTime:0.002000s ]
SQL: SELECT COUNT(*) AS tp_count FROM `uqee_hostlist` WHERE ( `ismanager` = 1 ) AND ( `ishost` = 0 ) AND ( `hostype` = 1 ) LIMIT 1   [ RunTime:0.002000s ]
SQL: SELECT COUNT(*) AS tp_count FROM `uqee_hostlist` WHERE ( `ismanager` = 1 ) AND ( `ishost` = 0 ) AND ( `hostype` = 2 ) LIMIT 1   [ RunTime:0.002001s ]
SQL: SELECT COUNT(*) AS tp_count FROM `uqee_hostlist` WHERE ( `ismanager` = 1 ) AND ( `ishost` = 1 ) LIMIT 1   [ RunTime:0.002000s ]
SQL: SELECT COUNT(*) AS tp_count FROM `uqee_hostlist` WHERE ( `ismanager` = 0 ) AND ( `ishost` = 2 ) AND ( `status` = 1 ) LIMIT 1   [ RunTime:0.002000s ]
SQL: SELECT COUNT(*) AS tp_count FROM `uqee_hostlist` WHERE ( `ismanager` = 0 ) AND ( `ishost` = 2 ) AND ( `status` = 0 ) LIMIT 1   [ RunTime:0.002000s ]
SQL: SELECT COUNT(*) AS tp_count FROM `uqee_hostlist` WHERE ( `ismanager` = 0 ) AND ( `ishost` = 2 ) AND ( `hostype` = 1 ) LIMIT 1   [ RunTime:0.002000s ]
SQL: SELECT COUNT(*) AS tp_count FROM `uqee_hostlist` WHERE ( `ismanager` = 0 ) AND ( `ishost` = 2 ) AND ( `hostype` = 2 ) LIMIT 1   [ RunTime:0.002500s ]
SQL: SELECT COUNT(*) AS tp_count FROM `uqee_hostlist` WHERE ( `ismanager` = 1 ) AND ( `ishost` = 2 ) AND ( `status` = 1 ) LIMIT 1   [ RunTime:0.002000s ]
SQL: SELECT COUNT(*) AS tp_count FROM `uqee_hostlist` WHERE ( `ismanager` = 1 ) AND ( `ishost` = 2 ) AND ( `status` = 0 ) LIMIT 1   [ RunTime:0.002001s ]
SQL: SELECT COUNT(*) AS tp_count FROM `uqee_hostlist` WHERE ( `ismanager` = 1 ) AND ( `ishost` = 2 ) AND ( `hostype` = 1 ) LIMIT 1   [ RunTime:0.002500s ]
SQL: SELECT COUNT(*) AS tp_count FROM `uqee_hostlist` WHERE ( `ismanager` = 1 ) AND ( `ishost` = 2 ) AND ( `hostype` = 2 ) LIMIT 1   [ RunTime:0.002000s ]
SQL: SHOW COLUMNS FROM `uqee_hosttemplate` [ RunTime:0.003501s ]
SQL: SELECT * FROM `uqee_hosttemplate`  [ RunTime:0.000500s ]
SQL: SELECT * FROM `uqee_hostlist` WHERE ( `mainip` LIKE '%4$' ) ORDER BY id asc LIMIT 0,15   [ RunTime:0.012002s ]
NOTIC: [2] Invalid argument supplied for foreach() D:\phpsite\idc\Home\Lib\Action\CommonAction.class.php 第 276 行.
SQL: SELECT COUNT(*) AS tp_count FROM `uqee_hostlist` WHERE ( `mainip` LIKE '%4$' ) LIMIT 1   [ RunTime:0.002500s ]

[ 2016-02-24T17:52:52+08:00 ] 127.0.0.1 /index.php?m=Search&a=postHandle
INFO: [ app_begin ] --START--
INFO: ReadHtmlCache Behavior ::run [ RunTime:0.000500s ]
INFO: CheckLang Behavior ::run [ RunTime:0.001000s ]
INFO: [ app_begin ] --END-- [ RunTime:0.001500s ]
NOTIC: [8] Undefined index: _URL_ D:\phpsite\idc\Home\Lib\Action\CommonAction.class.php 第 13 行.
SQL: SHOW COLUMNS FROM `uqee_notify` [ RunTime:0.003500s ]
SQL: SELECT `state` FROM `uqee_notify` LIMIT 1   [ RunTime:0.000500s ]
NOTIC: [8] Use of undefined constant IS_PSOT - assumed 'IS_PSOT' D:\phpsite\idc\Home\Lib\Action\SearchAction.class.php 第 110 行.
SQL: SHOW COLUMNS FROM `uqee_game` [ RunTime:0.003501s ]
SQL: SELECT * FROM `uqee_game`  [ RunTime:0.000500s ]
SQL: SHOW COLUMNS FROM `uqee_hostlist` [ RunTime:0.003500s ]
SQL: SELECT * FROM `uqee_hostlist`  [ RunTime:0.012002s ]
SQL: SHOW COLUMNS FROM `uqee_house` [ RunTime:0.004000s ]
SQL: SELECT * FROM `uqee_house` ORDER BY place  [ RunTime:0.000500s ]
SQL: SHOW COLUMNS FROM `uqee_cupboard` [ RunTime:0.003500s ]
SQL: SELECT * FROM `uqee_cupboard`  [ RunTime:0.000500s ]
SQL: SHOW COLUMNS FROM `uqee_ops` [ RunTime:0.003501s ]
SQL: SELECT * FROM `uqee_ops`  [ RunTime:0.000500s ]
SQL: SHOW COLUMNS FROM `uqee_hosttemplate` [ RunTime:0.003000s ]
SQL: SELECT * FROM `uqee_hosttemplate`  [ RunTime:0.000000s ]
NOTIC: [8] Undefined index: id D:\phpsite\idc\Home\Lib\Action\CommonAction.class.php 第 204 行.
NOTIC: [8] Undefined index: cupname D:\phpsite\idc\Home\Lib\Action\CommonAction.class.php 第 204 行.
NOTIC: [8] Undefined index: id D:\phpsite\idc\Home\Lib\Action\CommonAction.class.php 第 204 行.
NOTIC: [8] Undefined index: cupname D:\phpsite\idc\Home\Lib\Action\CommonAction.class.php 第 204 行.
NOTIC: [8] Undefined index: id D:\phpsite\idc\Home\Lib\Action\CommonAction.class.php 第 204 行.
NOTIC: [8] Undefined index: cupname D:\phpsite\idc\Home\Lib\Action\CommonAction.class.php 第 204 行.
NOTIC: [8] Undefined index: id D:\phpsite\idc\Home\Lib\Action\CommonAction.class.php 第 204 行.
NOTIC: [8] Undefined index: cupname D:\phpsite\idc\Home\Lib\Action\CommonAction.class.php 第 204 行.
NOTIC: [8] Undefined index: id D:\phpsite\idc\Home\Lib\Action\CommonAction.class.php 第 204 行.
NOTIC: [8] Undefined index: cupname D:\phpsite\idc\Home\Lib\Action\CommonAction.class.php 第 204 行.
NOTIC: [8] Undefined index: id D:\phpsite\idc\Home\Lib\Action\CommonAction.class.php 第 204 行.
NOTIC: [8] Undefined index: cupname D:\phpsite\idc\Home\Lib\Action\CommonAction.class.php 第 204 行.
NOTIC: [8] Undefined index: id D:\phpsite\idc\Home\Lib\Action\CommonAction.class.php 第 204 行.
NOTIC: [8] Undefined index: cupname D:\phpsite\idc\Home\Lib\Action\CommonAction.class.php 第 204 行.
NOTIC: [8] Undefined index: id D:\phpsite\idc\Home\Lib\Action\CommonAction.class.php 第 204 行.
NOTIC: [8] Undefined index: cupname D:\phpsite\idc\Home\Lib\Action\CommonAction.class.php 第 204 行.
NOTIC: [8] Undefined index: id D:\phpsite\idc\Home\Lib\Action\CommonAction.class.php 第 204 行.
NOTIC: [8] Undefined index: cupname D:\phpsite\idc\Home\Lib\Action\CommonAction.class.php 第 204 行.
NOTIC: [8] Undefined index: id D:\phpsite\idc\Home\Lib\Action\CommonAction.class.php 第 204 行.
NOTIC: [8] Undefined index: cupname D:\phpsite\idc\Home\Lib\Action\CommonAction.class.php 第 204 行.
NOTIC: [8] Undefined index: id D:\phpsite\idc\Home\Lib\Action\CommonAction.class.php 第 204 行.
NOTIC: [8] Undefined index: cupname D:\phpsite\idc\Home\Lib\Action\CommonAction.class.php 第 204 行.
NOTIC: [8] Undefined index: id D:\phpsite\idc\Home\Lib\Action\CommonAction.class.php 第 204 行.
NOTIC: [8] Undefined index: cupname D:\phpsite\idc\Home\Lib\Action\CommonAction.class.php 第 204 行.
NOTIC: [8] Undefined index: id D:\phpsite\idc\Home\Lib\Action\CommonAction.class.php 第 204 行.
NOTIC: [8] Undefined index: cupname D:\phpsite\idc\Home\Lib\Action\CommonAction.class.php 第 204 行.
NOTIC: [8] Undefined index: id D:\phpsite\idc\Home\Lib\Action\CommonAction.class.php 第 204 行.
NOTIC: [8] Undefined index: cupname D:\phpsite\idc\Home\Lib\Action\CommonAction.class.php 第 204 行.
NOTIC: [8] Undefined index: id D:\phpsite\idc\Home\Lib\Action\CommonAction.class.php 第 204 行.
NOTIC: [8] Undefined index: cupname D:\phpsite\idc\Home\Lib\Action\CommonAction.class.php 第 204 行.
NOTIC: [8] Undefined index: id D:\phpsite\idc\Home\Lib\Action\CommonAction.class.php 第 204 行.
NOTIC: [8] Undefined index: cupname D:\phpsite\idc\Home\Lib\Action\CommonAction.class.php 第 204 行.
NOTIC: [8] Undefined index: id D:\phpsite\idc\Home\Lib\Action\CommonAction.class.php 第 204 行.
NOTIC: [8] Undefined index: cupname D:\phpsite\idc\Home\Lib\Action\CommonAction.class.php 第 204 行.
NOTIC: [8] Undefined index: id D:\phpsite\idc\Home\Lib\Action\CommonAction.class.php 第 204 行.
NOTIC: [8] Undefined index: cupname D:\phpsite\idc\Home\Lib\Action\CommonAction.class.php 第 204 行.
NOTIC: [8] Undefined index: id D:\phpsite\idc\Home\Lib\Action\CommonAction.class.php 第 204 行.
NOTIC: [8] Undefined index: cupname D:\phpsite\idc\Home\Lib\Action\CommonAction.class.php 第 204 行.
NOTIC: [8] Undefined index: id D:\phpsite\idc\Home\Lib\Action\CommonAction.class.php 第 204 行.
NOTIC: [8] Undefined index: cupname D:\phpsite\idc\Home\Lib\Action\CommonAction.class.php 第 204 行.
NOTIC: [8] Undefined index: id D:\phpsite\idc\Home\Lib\Action\CommonAction.class.php 第 204 行.
NOTIC: [8] Undefined index: cupname D:\phpsite\idc\Home\Lib\Action\CommonAction.class.php 第 204 行.
NOTIC: [8] Undefined index: id D:\phpsite\idc\Home\Lib\Action\CommonAction.class.php 第 204 行.
NOTIC: [8] Undefined index: cupname D:\phpsite\idc\Home\Lib\Action\CommonAction.class.php 第 204 行.
NOTIC: [8] Undefined index: id D:\phpsite\idc\Home\Lib\Action\CommonAction.class.php 第 204 行.
NOTIC: [8] Undefined index: cupname D:\phpsite\idc\Home\Lib\Action\CommonAction.class.php 第 204 行.
NOTIC: [8] Undefined index: id D:\phpsite\idc\Home\Lib\Action\CommonAction.class.php 第 204 行.
NOTIC: [8] Undefined index: cupname D:\phpsite\idc\Home\Lib\Action\CommonAction.class.php 第 204 行.
NOTIC: [8] Undefined index: id D:\phpsite\idc\Home\Lib\Action\CommonAction.class.php 第 204 行.
NOTIC: [8] Undefined index: cupname D:\phpsite\idc\Home\Lib\Action\CommonAction.class.php 第 204 行.
SQL: SHOW COLUMNS FROM `uqee_hostlist` [ RunTime:0.003501s ]
SQL: SELECT COUNT(*) AS tp_count FROM `uqee_hostlist` WHERE ( `ismanager` = 0 ) AND ( `ishost` = 0 ) AND ( `status` = 1 ) LIMIT 1   [ RunTime:0.001500s ]
SQL: SELECT COUNT(*) AS tp_count FROM `uqee_hostlist` WHERE ( `ismanager` = 0 ) AND ( `ishost` = 0 ) AND ( `status` = 0 ) LIMIT 1   [ RunTime:0.002000s ]
SQL: SELECT COUNT(*) AS tp_count FROM `uqee_hostlist` WHERE ( `ismanager` = 0 ) AND ( `ishost` = 0 ) AND ( `hostype` = 1 ) LIMIT 1   [ RunTime:0.002001s ]
SQL: SELECT COUNT(*) AS tp_count FROM `uqee_hostlist` WHERE ( `ismanager` = 0 ) AND ( `ishost` = 0 ) AND ( `hostype` = 2 ) LIMIT 1   [ RunTime:0.002000s ]
SQL: SELECT COUNT(*) AS tp_count FROM `uqee_hostlist` WHERE ( `ismanager` = 0 ) AND ( `ishost` = 1 ) LIMIT 1   [ RunTime:0.002000s ]
SQL: SELECT COUNT(*) AS tp_count FROM `uqee_hostlist` WHERE ( `ismanager` = 1 ) AND ( `ishost` = 0 ) AND ( `status` = 1 ) LIMIT 1   [ RunTime:0.002001s ]
SQL: SELECT COUNT(*) AS tp_count FROM `uqee_hostlist` WHERE ( `ismanager` = 1 ) AND ( `ishost` = 0 ) AND ( `status` = 0 ) LIMIT 1   [ RunTime:0.001500s ]
SQL: SELECT COUNT(*) AS tp_count FROM `uqee_hostlist` WHERE ( `ismanager` = 1 ) AND ( `ishost` = 0 ) AND ( `hostype` = 1 ) LIMIT 1   [ RunTime:0.001500s ]
SQL: SELECT COUNT(*) AS tp_count FROM `uqee_hostlist` WHERE ( `ismanager` = 1 ) AND ( `ishost` = 0 ) AND ( `hostype` = 2 ) LIMIT 1   [ RunTime:0.001500s ]
SQL: SELECT COUNT(*) AS tp_count FROM `uqee_hostlist` WHERE ( `ismanager` = 1 ) AND ( `ishost` = 1 ) LIMIT 1   [ RunTime:0.001501s ]
SQL: SELECT COUNT(*) AS tp_count FROM `uqee_hostlist` WHERE ( `ismanager` = 0 ) AND ( `ishost` = 2 ) AND ( `status` = 1 ) LIMIT 1   [ RunTime:0.002000s ]
SQL: SELECT COUNT(*) AS tp_count FROM `uqee_hostlist` WHERE ( `ismanager` = 0 ) AND ( `ishost` = 2 ) AND ( `status` = 0 ) LIMIT 1   [ RunTime:0.001500s ]
SQL: SELECT COUNT(*) AS tp_count FROM `uqee_hostlist` WHERE ( `ismanager` = 0 ) AND ( `ishost` = 2 ) AND ( `hostype` = 1 ) LIMIT 1   [ RunTime:0.001500s ]
SQL: SELECT COUNT(*) AS tp_count FROM `uqee_hostlist` WHERE ( `ismanager` = 0 ) AND ( `ishost` = 2 ) AND ( `hostype` = 2 ) LIMIT 1   [ RunTime:0.001501s ]
SQL: SELECT COUNT(*) AS tp_count FROM `uqee_hostlist` WHERE ( `ismanager` = 1 ) AND ( `ishost` = 2 ) AND ( `status` = 1 ) LIMIT 1   [ RunTime:0.001500s ]
SQL: SELECT COUNT(*) AS tp_count FROM `uqee_hostlist` WHERE ( `ismanager` = 1 ) AND ( `ishost` = 2 ) AND ( `status` = 0 ) LIMIT 1   [ RunTime:0.002000s ]
SQL: SELECT COUNT(*) AS tp_count FROM `uqee_hostlist` WHERE ( `ismanager` = 1 ) AND ( `ishost` = 2 ) AND ( `hostype` = 1 ) LIMIT 1   [ RunTime:0.002000s ]
SQL: SELECT COUNT(*) AS tp_count FROM `uqee_hostlist` WHERE ( `ismanager` = 1 ) AND ( `ishost` = 2 ) AND ( `hostype` = 2 ) LIMIT 1   [ RunTime:0.002001s ]
SQL: SHOW COLUMNS FROM `uqee_hosttemplate` [ RunTime:0.004000s ]
SQL: SELECT * FROM `uqee_hosttemplate`  [ RunTime:0.000500s ]
NOTIC: 建议使用I方法替代_get
INFO: [ view_parse ] --START--
NOTIC: [8] Undefined offset: 1 D:\phpsite\idc\ThinkPHP\Lib\Driver\TagLib\TagLibCx.class.php 第 524 行.
NOTIC: [8] Undefined index: houid D:\phpsite\idc\Home\Runtime\Cache\56e106eb2901eab0e7600cdd3fc53752.php 第 691 行.
NOTIC: [8] Undefined index: houid D:\phpsite\idc\Home\Runtime\Cache\56e106eb2901eab0e7600cdd3fc53752.php 第 699 行.
NOTIC: [8] Undefined index: cupid D:\phpsite\idc\Home\Runtime\Cache\56e106eb2901eab0e7600cdd3fc53752.php 第 700 行.
NOTIC: [8] Undefined index: cupid D:\phpsite\idc\Home\Runtime\Cache\56e106eb2901eab0e7600cdd3fc53752.php 第 700 行.
NOTIC: [8] Undefined index: cupid D:\phpsite\idc\Home\Runtime\Cache\56e106eb2901eab0e7600cdd3fc53752.php 第 700 行.
NOTIC: [8] Undefined index: cupid D:\phpsite\idc\Home\Runtime\Cache\56e106eb2901eab0e7600cdd3fc53752.php 第 700 行.
NOTIC: [8] Undefined index: cupid D:\phpsite\idc\Home\Runtime\Cache\56e106eb2901eab0e7600cdd3fc53752.php 第 700 行.
NOTIC: [8] Undefined index: cupid D:\phpsite\idc\Home\Runtime\Cache\56e106eb2901eab0e7600cdd3fc53752.php 第 700 行.
NOTIC: [8] Undefined index: cupid D:\phpsite\idc\Home\Runtime\Cache\56e106eb2901eab0e7600cdd3fc53752.php 第 700 行.
NOTIC: [8] Undefined index: houid D:\phpsite\idc\Home\Runtime\Cache\56e106eb2901eab0e7600cdd3fc53752.php 第 691 行.
NOTIC: [8] Undefined index: houid D:\phpsite\idc\Home\Runtime\Cache\56e106eb2901eab0e7600cdd3fc53752.php 第 699 行.
NOTIC: [8] Undefined index: cupid D:\phpsite\idc\Home\Runtime\Cache\56e106eb2901eab0e7600cdd3fc53752.php 第 700 行.
NOTIC: [8] Undefined index: cupid D:\phpsite\idc\Home\Runtime\Cache\56e106eb2901eab0e7600cdd3fc53752.php 第 700 行.
NOTIC: [8] Undefined index: cupid D:\phpsite\idc\Home\Runtime\Cache\56e106eb2901eab0e7600cdd3fc53752.php 第 700 行.
NOTIC: [8] Undefined index: cupid D:\phpsite\idc\Home\Runtime\Cache\56e106eb2901eab0e7600cdd3fc53752.php 第 700 行.
NOTIC: [8] Undefined index: cupid D:\phpsite\idc\Home\Runtime\Cache\56e106eb2901eab0e7600cdd3fc53752.php 第 700 行.
NOTIC: [8] Undefined index: cupid D:\phpsite\idc\Home\Runtime\Cache\56e106eb2901eab0e7600cdd3fc53752.php 第 700 行.
NOTIC: [8] Undefined index: cupid D:\phpsite\idc\Home\Runtime\Cache\56e106eb2901eab0e7600cdd3fc53752.php 第 700 行.
NOTIC: [8] Undefined index: cupid D:\phpsite\idc\Home\Runtime\Cache\56e106eb2901eab0e7600cdd3fc53752.php 第 700 行.
NOTIC: [8] Undefined index: houid D:\phpsite\idc\Home\Runtime\Cache\56e106eb2901eab0e7600cdd3fc53752.php 第 691 行.
NOTIC: [8] Undefined index: houid D:\phpsite\idc\Home\Runtime\Cache\56e106eb2901eab0e7600cdd3fc53752.php 第 699 行.
NOTIC: [8] Undefined index: cupid D:\phpsite\idc\Home\Runtime\Cache\56e106eb2901eab0e7600cdd3fc53752.php 第 700 行.
NOTIC: [8] Undefined index: cupid D:\phpsite\idc\Home\Runtime\Cache\56e106eb2901eab0e7600cdd3fc53752.php 第 700 行.
NOTIC: [8] Undefined index: cupid D:\phpsite\idc\Home\Runtime\Cache\56e106eb2901eab0e7600cdd3fc53752.php 第 700 行.
NOTIC: [8] Undefined index: cupid D:\phpsite\idc\Home\Runtime\Cache\56e106eb2901eab0e7600cdd3fc53752.php 第 700 行.
NOTIC: [8] Undefined index: cupid D:\phpsite\idc\Home\Runtime\Cache\56e106eb2901eab0e7600cdd3fc53752.php 第 700 行.
NOTIC: [8] Undefined index: cupid D:\phpsite\idc\Home\Runtime\Cache\56e106eb2901eab0e7600cdd3fc53752.php 第 700 行.
NOTIC: [8] Undefined index: cupid D:\phpsite\idc\Home\Runtime\Cache\56e106eb2901eab0e7600cdd3fc53752.php 第 700 行.
NOTIC: [8] Undefined index: cupid D:\phpsite\idc\Home\Runtime\Cache\56e106eb2901eab0e7600cdd3fc53752.php 第 700 行.
NOTIC: [8] Undefined index: cupid D:\phpsite\idc\Home\Runtime\Cache\56e106eb2901eab0e7600cdd3fc53752.php 第 700 行.
NOTIC: [8] Undefined index: cupid D:\phpsite\idc\Home\Runtime\Cache\56e106eb2901eab0e7600cdd3fc53752.php 第 700 行.
NOTIC: [8] Undefined index: cupid D:\phpsite\idc\Home\Runtime\Cache\56e106eb2901eab0e7600cdd3fc53752.php 第 700 行.
NOTIC: [8] Undefined index: cupid D:\phpsite\idc\Home\Runtime\Cache\56e106eb2901eab0e7600cdd3fc53752.php 第 700 行.
NOTIC: [8] Undefined index: cupid D:\phpsite\idc\Home\Runtime\Cache\56e106eb2901eab0e7600cdd3fc53752.php 第 700 行.
NOTIC: [8] Undefined index: houid D:\phpsite\idc\Home\Runtime\Cache\56e106eb2901eab0e7600cdd3fc53752.php 第 691 行.
NOTIC: [8] Undefined index: houid D:\phpsite\idc\Home\Runtime\Cache\56e106eb2901eab0e7600cdd3fc53752.php 第 699 行.
NOTIC: [8] Undefined index: cupid D:\phpsite\idc\Home\Runtime\Cache\56e106eb2901eab0e7600cdd3fc53752.php 第 700 行.
NOTIC: [8] Undefined index: cupid D:\phpsite\idc\Home\Runtime\Cache\56e106eb2901eab0e7600cdd3fc53752.php 第 700 行.
NOTIC: [8] Undefined index: cupid D:\phpsite\idc\Home\Runtime\Cache\56e106eb2901eab0e7600cdd3fc53752.php 第 700 行.
NOTIC: [8] Undefined index: houid D:\phpsite\idc\Home\Runtime\Cache\56e106eb2901eab0e7600cdd3fc53752.php 第 691 行.
NOTIC: [8] Undefined index: houid D:\phpsite\idc\Home\Runtime\Cache\56e106eb2901eab0e7600cdd3fc53752.php 第 699 行.
NOTIC: [8] Undefined index: cupid D:\phpsite\idc\Home\Runtime\Cache\56e106eb2901eab0e7600cdd3fc53752.php 第 700 行.
NOTIC: [8] Undefined index: cupid D:\phpsite\idc\Home\Runtime\Cache\56e106eb2901eab0e7600cdd3fc53752.php 第 700 行.
NOTIC: [8] Undefined index: houid D:\phpsite\idc\Home\Runtime\Cache\56e106eb2901eab0e7600cdd3fc53752.php 第 691 行.
NOTIC: [8] Undefined index: houid D:\phpsite\idc\Home\Runtime\Cache\56e106eb2901eab0e7600cdd3fc53752.php 第 699 行.
NOTIC: [8] Undefined index: cupid D:\phpsite\idc\Home\Runtime\Cache\56e106eb2901eab0e7600cdd3fc53752.php 第 700 行.
NOTIC: [8] Undefined index: houid D:\phpsite\idc\Home\Runtime\Cache\56e106eb2901eab0e7600cdd3fc53752.php 第 691 行.
NOTIC: [8] Undefined index: houid D:\phpsite\idc\Home\Runtime\Cache\56e106eb2901eab0e7600cdd3fc53752.php 第 699 行.
NOTIC: [8] Undefined index: cupid D:\phpsite\idc\Home\Runtime\Cache\56e106eb2901eab0e7600cdd3fc53752.php 第 700 行.
NOTIC: [8] Undefined index: houid D:\phpsite\idc\Home\Runtime\Cache\56e106eb2901eab0e7600cdd3fc53752.php 第 691 行.
NOTIC: [8] Undefined index: houid D:\phpsite\idc\Home\Runtime\Cache\56e106eb2901eab0e7600cdd3fc53752.php 第 699 行.
NOTIC: [8] Undefined index: cupid D:\phpsite\idc\Home\Runtime\Cache\56e106eb2901eab0e7600cdd3fc53752.php 第 700 行.
NOTIC: [8] Undefined index: houid D:\phpsite\idc\Home\Runtime\Cache\56e106eb2901eab0e7600cdd3fc53752.php 第 691 行.
NOTIC: [8] Undefined index: houid D:\phpsite\idc\Home\Runtime\Cache\56e106eb2901eab0e7600cdd3fc53752.php 第 699 行.
NOTIC: [8] Undefined index: cupid D:\phpsite\idc\Home\Runtime\Cache\56e106eb2901eab0e7600cdd3fc53752.php 第 700 行.
NOTIC: [8] Undefined index: cupid D:\phpsite\idc\Home\Runtime\Cache\56e106eb2901eab0e7600cdd3fc53752.php 第 700 行.
NOTIC: [8] Undefined index: houid D:\phpsite\idc\Home\Runtime\Cache\56e106eb2901eab0e7600cdd3fc53752.php 第 691 行.
NOTIC: [8] Undefined index: houid D:\phpsite\idc\Home\Runtime\Cache\56e106eb2901eab0e7600cdd3fc53752.php 第 699 行.
NOTIC: [8] Undefined index: cupid D:\phpsite\idc\Home\Runtime\Cache\56e106eb2901eab0e7600cdd3fc53752.php 第 700 行.
NOTIC: [8] Undefined index: houid D:\phpsite\idc\Home\Runtime\Cache\56e106eb2901eab0e7600cdd3fc53752.php 第 691 行.
NOTIC: [8] Undefined index: houid D:\phpsite\idc\Home\Runtime\Cache\56e106eb2901eab0e7600cdd3fc53752.php 第 699 行.
NOTIC: [8] Undefined index: cupid D:\phpsite\idc\Home\Runtime\Cache\56e106eb2901eab0e7600cdd3fc53752.php 第 700 行.
NOTIC: [8] Undefined index: houid D:\phpsite\idc\Home\Runtime\Cache\56e106eb2901eab0e7600cdd3fc53752.php 第 691 行.
NOTIC: [8] Undefined index: houid D:\phpsite\idc\Home\Runtime\Cache\56e106eb2901eab0e7600cdd3fc53752.php 第 699 行.
NOTIC: [8] Undefined index: cupid D:\phpsite\idc\Home\Runtime\Cache\56e106eb2901eab0e7600cdd3fc53752.php 第 700 行.
NOTIC: [8] Undefined index: houid D:\phpsite\idc\Home\Runtime\Cache\56e106eb2901eab0e7600cdd3fc53752.php 第 691 行.
NOTIC: [8] Undefined index: houid D:\phpsite\idc\Home\Runtime\Cache\56e106eb2901eab0e7600cdd3fc53752.php 第 699 行.
NOTIC: [8] Undefined index: cupid D:\phpsite\idc\Home\Runtime\Cache\56e106eb2901eab0e7600cdd3fc53752.php 第 700 行.
NOTIC: [8] Undefined index: houid D:\phpsite\idc\Home\Runtime\Cache\56e106eb2901eab0e7600cdd3fc53752.php 第 691 行.
NOTIC: [8] Undefined index: houid D:\phpsite\idc\Home\Runtime\Cache\56e106eb2901eab0e7600cdd3fc53752.php 第 699 行.
NOTIC: [8] Undefined index: cupid D:\phpsite\idc\Home\Runtime\Cache\56e106eb2901eab0e7600cdd3fc53752.php 第 700 行.
NOTIC: [8] Undefined index: houid D:\phpsite\idc\Home\Runtime\Cache\56e106eb2901eab0e7600cdd3fc53752.php 第 691 行.
NOTIC: [8] Undefined index: houid D:\phpsite\idc\Home\Runtime\Cache\56e106eb2901eab0e7600cdd3fc53752.php 第 699 行.
NOTIC: [8] Undefined index: cupid D:\phpsite\idc\Home\Runtime\Cache\56e106eb2901eab0e7600cdd3fc53752.php 第 700 行.
NOTIC: [8] Undefined index: houid D:\phpsite\idc\Home\Runtime\Cache\56e106eb2901eab0e7600cdd3fc53752.php 第 691 行.
NOTIC: [8] Undefined index: houid D:\phpsite\idc\Home\Runtime\Cache\56e106eb2901eab0e7600cdd3fc53752.php 第 699 行.
NOTIC: [8] Undefined index: cupid D:\phpsite\idc\Home\Runtime\Cache\56e106eb2901eab0e7600cdd3fc53752.php 第 700 行.
NOTIC: [8] Undefined index: houid D:\phpsite\idc\Home\Runtime\Cache\56e106eb2901eab0e7600cdd3fc53752.php 第 691 行.
NOTIC: [8] Undefined index: houid D:\phpsite\idc\Home\Runtime\Cache\56e106eb2901eab0e7600cdd3fc53752.php 第 699 行.
NOTIC: [8] Undefined index: cupid D:\phpsite\idc\Home\Runtime\Cache\56e106eb2901eab0e7600cdd3fc53752.php 第 700 行.
NOTIC: [8] Undefined index: houid D:\phpsite\idc\Home\Runtime\Cache\56e106eb2901eab0e7600cdd3fc53752.php 第 691 行.
NOTIC: [8] Undefined index: houid D:\phpsite\idc\Home\Runtime\Cache\56e106eb2901eab0e7600cdd3fc53752.php 第 699 行.
NOTIC: [8] Undefined index: cupid D:\phpsite\idc\Home\Runtime\Cache\56e106eb2901eab0e7600cdd3fc53752.php 第 700 行.
NOTIC: [8] Undefined index: houid D:\phpsite\idc\Home\Runtime\Cache\56e106eb2901eab0e7600cdd3fc53752.php 第 691 行.
NOTIC: [8] Undefined index: houid D:\phpsite\idc\Home\Runtime\Cache\56e106eb2901eab0e7600cdd3fc53752.php 第 699 行.
NOTIC: [8] Undefined index: cupid D:\phpsite\idc\Home\Runtime\Cache\56e106eb2901eab0e7600cdd3fc53752.php 第 700 行.
NOTIC: [8] Undefined index: cupid D:\phpsite\idc\Home\Runtime\Cache\56e106eb2901eab0e7600cdd3fc53752.php 第 700 行.
NOTIC: [8] Undefined index: houid D:\phpsite\idc\Home\Runtime\Cache\56e106eb2901eab0e7600cdd3fc53752.php 第 691 行.
NOTIC: [8] Undefined index: houid D:\phpsite\idc\Home\Runtime\Cache\56e106eb2901eab0e7600cdd3fc53752.php 第 699 行.
NOTIC: [8] Undefined index: cupid D:\phpsite\idc\Home\Runtime\Cache\56e106eb2901eab0e7600cdd3fc53752.php 第 700 行.
NOTIC: [8] Undefined index: houid D:\phpsite\idc\Home\Runtime\Cache\56e106eb2901eab0e7600cdd3fc53752.php 第 691 行.
NOTIC: [8] Undefined index: houid D:\phpsite\idc\Home\Runtime\Cache\56e106eb2901eab0e7600cdd3fc53752.php 第 699 行.
NOTIC: [8] Undefined index: cupid D:\phpsite\idc\Home\Runtime\Cache\56e106eb2901eab0e7600cdd3fc53752.php 第 700 行.
NOTIC: [8] Undefined index: houid D:\phpsite\idc\Home\Runtime\Cache\56e106eb2901eab0e7600cdd3fc53752.php 第 691 行.
NOTIC: [8] Undefined index: houid D:\phpsite\idc\Home\Runtime\Cache\56e106eb2901eab0e7600cdd3fc53752.php 第 699 行.
NOTIC: [8] Undefined index: cupid D:\phpsite\idc\Home\Runtime\Cache\56e106eb2901eab0e7600cdd3fc53752.php 第 700 行.
NOTIC: [8] Undefined index: houid D:\phpsite\idc\Home\Runtime\Cache\56e106eb2901eab0e7600cdd3fc53752.php 第 691 行.
NOTIC: [8] Undefined index: houid D:\phpsite\idc\Home\Runtime\Cache\56e106eb2901eab0e7600cdd3fc53752.php 第 699 行.
NOTIC: [8] Undefined index: cupid D:\phpsite\idc\Home\Runtime\Cache\56e106eb2901eab0e7600cdd3fc53752.php 第 700 行.
NOTIC: [8] Undefined index: houid D:\phpsite\idc\Home\Runtime\Cache\56e106eb2901eab0e7600cdd3fc53752.php 第 691 行.
NOTIC: [8] Undefined index: houid D:\phpsite\idc\Home\Runtime\Cache\56e106eb2901eab0e7600cdd3fc53752.php 第 699 行.
NOTIC: [8] Undefined index: cupid D:\phpsite\idc\Home\Runtime\Cache\56e106eb2901eab0e7600cdd3fc53752.php 第 700 行.
NOTIC: [8] Undefined index: houid D:\phpsite\idc\Home\Runtime\Cache\56e106eb2901eab0e7600cdd3fc53752.php 第 691 行.
NOTIC: [8] Undefined index: houid D:\phpsite\idc\Home\Runtime\Cache\56e106eb2901eab0e7600cdd3fc53752.php 第 699 行.
NOTIC: [8] Undefined index: cupid D:\phpsite\idc\Home\Runtime\Cache\56e106eb2901eab0e7600cdd3fc53752.php 第 700 行.
NOTIC: [8] Undefined index: cupid D:\phpsite\idc\Home\Runtime\Cache\56e106eb2901eab0e7600cdd3fc53752.php 第 700 行.
NOTIC: [8] Undefined index: cupid D:\phpsite\idc\Home\Runtime\Cache\56e106eb2901eab0e7600cdd3fc53752.php 第 700 行.
NOTIC: [8] Undefined variable: hostinfo D:\phpsite\idc\Home\Runtime\Cache\56e106eb2901eab0e7600cdd3fc53752.php 第 788 行.
NOTIC: [8] Use of undefined constant __id - assumed '__id' D:\phpsite\idc\Home\Runtime\Cache\56e106eb2901eab0e7600cdd3fc53752.php 第 1255 行.
INFO: ParseTemplate Behavior ::run [ RunTime:0.027504s ]
INFO: [ view_parse ] --END-- [ RunTime:0.027504s ]
INFO: [ view_filter ] --START--
INFO: ContentReplace Behavior ::run [ RunTime:0.001000s ]
INFO: TokenBuild Behavior ::run [ RunTime:0.000500s ]
INFO: WriteHtmlCache Behavior ::run [ RunTime:0.000500s ]
INFO: ShowRuntime Behavior ::run [ RunTime:0.001000s ]
INFO: [ view_filter ] --END-- [ RunTime:0.003500s ]
INFO: [ view_end ] --START--
INFO: ShowPageTrace Behavior ::run [ RunTime:0.002000s ]
INFO: [ view_end ] --END-- [ RunTime:0.002000s ]

[ 2016-02-24T17:52:52+08:00 ] 127.0.0.1 /index.php?m=Search&a=getHost&mainip[0]=like&mainip[1]=%254&table=Hostlist&start=0&length=15&ordername=id&orderby=asc&_=1456307572581
INFO: [ app_begin ] --START--
INFO: ReadHtmlCache Behavior ::run [ RunTime:0.000500s ]
INFO: CheckLang Behavior ::run [ RunTime:0.001000s ]
INFO: [ app_begin ] --END-- [ RunTime:0.001500s ]
NOTIC: [8] Undefined index: _URL_ D:\phpsite\idc\Home\Lib\Action\CommonAction.class.php 第 13 行.
SQL: SHOW COLUMNS FROM `uqee_notify` [ RunTime:0.003001s ]
SQL: SELECT `state` FROM `uqee_notify` LIMIT 1   [ RunTime:0.000000s ]
SQL: SHOW COLUMNS FROM `uqee_game` [ RunTime:0.003501s ]
SQL: SELECT * FROM `uqee_game`  [ RunTime:0.000000s ]
SQL: SHOW COLUMNS FROM `uqee_hostlist` [ RunTime:0.004000s ]
SQL: SELECT * FROM `uqee_hostlist`  [ RunTime:0.010502s ]
SQL: SHOW COLUMNS FROM `uqee_house` [ RunTime:0.006501s ]
SQL: SELECT * FROM `uqee_house` ORDER BY place  [ RunTime:0.000500s ]
SQL: SHOW COLUMNS FROM `uqee_cupboard` [ RunTime:0.004501s ]
SQL: SELECT * FROM `uqee_cupboard`  [ RunTime:0.000500s ]
SQL: SHOW COLUMNS FROM `uqee_ops` [ RunTime:0.003500s ]
SQL: SELECT * FROM `uqee_ops`  [ RunTime:0.001000s ]
SQL: SHOW COLUMNS FROM `uqee_hosttemplate` [ RunTime:0.004000s ]
SQL: SELECT * FROM `uqee_hosttemplate`  [ RunTime:0.000500s ]
NOTIC: [8] Undefined index: id D:\phpsite\idc\Home\Lib\Action\CommonAction.class.php 第 204 行.
NOTIC: [8] Undefined index: cupname D:\phpsite\idc\Home\Lib\Action\CommonAction.class.php 第 204 行.
NOTIC: [8] Undefined index: id D:\phpsite\idc\Home\Lib\Action\CommonAction.class.php 第 204 行.
NOTIC: [8] Undefined index: cupname D:\phpsite\idc\Home\Lib\Action\CommonAction.class.php 第 204 行.
NOTIC: [8] Undefined index: id D:\phpsite\idc\Home\Lib\Action\CommonAction.class.php 第 204 行.
NOTIC: [8] Undefined index: cupname D:\phpsite\idc\Home\Lib\Action\CommonAction.class.php 第 204 行.
NOTIC: [8] Undefined index: id D:\phpsite\idc\Home\Lib\Action\CommonAction.class.php 第 204 行.
NOTIC: [8] Undefined index: cupname D:\phpsite\idc\Home\Lib\Action\CommonAction.class.php 第 204 行.
NOTIC: [8] Undefined index: id D:\phpsite\idc\Home\Lib\Action\CommonAction.class.php 第 204 行.
NOTIC: [8] Undefined index: cupname D:\phpsite\idc\Home\Lib\Action\CommonAction.class.php 第 204 行.
NOTIC: [8] Undefined index: id D:\phpsite\idc\Home\Lib\Action\CommonAction.class.php 第 204 行.
NOTIC: [8] Undefined index: cupname D:\phpsite\idc\Home\Lib\Action\CommonAction.class.php 第 204 行.
NOTIC: [8] Undefined index: id D:\phpsite\idc\Home\Lib\Action\CommonAction.class.php 第 204 行.
NOTIC: [8] Undefined index: cupname D:\phpsite\idc\Home\Lib\Action\CommonAction.class.php 第 204 行.
NOTIC: [8] Undefined index: id D:\phpsite\idc\Home\Lib\Action\CommonAction.class.php 第 204 行.
NOTIC: [8] Undefined index: cupname D:\phpsite\idc\Home\Lib\Action\CommonAction.class.php 第 204 行.
NOTIC: [8] Undefined index: id D:\phpsite\idc\Home\Lib\Action\CommonAction.class.php 第 204 行.
NOTIC: [8] Undefined index: cupname D:\phpsite\idc\Home\Lib\Action\CommonAction.class.php 第 204 行.
NOTIC: [8] Undefined index: id D:\phpsite\idc\Home\Lib\Action\CommonAction.class.php 第 204 行.
NOTIC: [8] Undefined index: cupname D:\phpsite\idc\Home\Lib\Action\CommonAction.class.php 第 204 行.
NOTIC: [8] Undefined index: id D:\phpsite\idc\Home\Lib\Action\CommonAction.class.php 第 204 行.
NOTIC: [8] Undefined index: cupname D:\phpsite\idc\Home\Lib\Action\CommonAction.class.php 第 204 行.
NOTIC: [8] Undefined index: id D:\phpsite\idc\Home\Lib\Action\CommonAction.class.php 第 204 行.
NOTIC: [8] Undefined index: cupname D:\phpsite\idc\Home\Lib\Action\CommonAction.class.php 第 204 行.
NOTIC: [8] Undefined index: id D:\phpsite\idc\Home\Lib\Action\CommonAction.class.php 第 204 行.
NOTIC: [8] Undefined index: cupname D:\phpsite\idc\Home\Lib\Action\CommonAction.class.php 第 204 行.
NOTIC: [8] Undefined index: id D:\phpsite\idc\Home\Lib\Action\CommonAction.class.php 第 204 行.
NOTIC: [8] Undefined index: cupname D:\phpsite\idc\Home\Lib\Action\CommonAction.class.php 第 204 行.
NOTIC: [8] Undefined index: id D:\phpsite\idc\Home\Lib\Action\CommonAction.class.php 第 204 行.
NOTIC: [8] Undefined index: cupname D:\phpsite\idc\Home\Lib\Action\CommonAction.class.php 第 204 行.
NOTIC: [8] Undefined index: id D:\phpsite\idc\Home\Lib\Action\CommonAction.class.php 第 204 行.
NOTIC: [8] Undefined index: cupname D:\phpsite\idc\Home\Lib\Action\CommonAction.class.php 第 204 行.
NOTIC: [8] Undefined index: id D:\phpsite\idc\Home\Lib\Action\CommonAction.class.php 第 204 行.
NOTIC: [8] Undefined index: cupname D:\phpsite\idc\Home\Lib\Action\CommonAction.class.php 第 204 行.
NOTIC: [8] Undefined index: id D:\phpsite\idc\Home\Lib\Action\CommonAction.class.php 第 204 行.
NOTIC: [8] Undefined index: cupname D:\phpsite\idc\Home\Lib\Action\CommonAction.class.php 第 204 行.
NOTIC: [8] Undefined index: id D:\phpsite\idc\Home\Lib\Action\CommonAction.class.php 第 204 行.
NOTIC: [8] Undefined index: cupname D:\phpsite\idc\Home\Lib\Action\CommonAction.class.php 第 204 行.
NOTIC: [8] Undefined index: id D:\phpsite\idc\Home\Lib\Action\CommonAction.class.php 第 204 行.
NOTIC: [8] Undefined index: cupname D:\phpsite\idc\Home\Lib\Action\CommonAction.class.php 第 204 行.
NOTIC: [8] Undefined index: id D:\phpsite\idc\Home\Lib\Action\CommonAction.class.php 第 204 行.
NOTIC: [8] Undefined index: cupname D:\phpsite\idc\Home\Lib\Action\CommonAction.class.php 第 204 行.
NOTIC: [8] Undefined index: id D:\phpsite\idc\Home\Lib\Action\CommonAction.class.php 第 204 行.
NOTIC: [8] Undefined index: cupname D:\phpsite\idc\Home\Lib\Action\CommonAction.class.php 第 204 行.
NOTIC: [8] Undefined index: id D:\phpsite\idc\Home\Lib\Action\CommonAction.class.php 第 204 行.
NOTIC: [8] Undefined index: cupname D:\phpsite\idc\Home\Lib\Action\CommonAction.class.php 第 204 行.
NOTIC: [8] Undefined index: id D:\phpsite\idc\Home\Lib\Action\CommonAction.class.php 第 204 行.
NOTIC: [8] Undefined index: cupname D:\phpsite\idc\Home\Lib\Action\CommonAction.class.php 第 204 行.
NOTIC: [8] Undefined index: id D:\phpsite\idc\Home\Lib\Action\CommonAction.class.php 第 204 行.
NOTIC: [8] Undefined index: cupname D:\phpsite\idc\Home\Lib\Action\CommonAction.class.php 第 204 行.
SQL: SHOW COLUMNS FROM `uqee_hostlist` [ RunTime:0.004501s ]
SQL: SELECT COUNT(*) AS tp_count FROM `uqee_hostlist` WHERE ( `ismanager` = 0 ) AND ( `ishost` = 0 ) AND ( `status` = 1 ) LIMIT 1   [ RunTime:0.002500s ]
SQL: SELECT COUNT(*) AS tp_count FROM `uqee_hostlist` WHERE ( `ismanager` = 0 ) AND ( `ishost` = 0 ) AND ( `status` = 0 ) LIMIT 1   [ RunTime:0.003001s ]
SQL: SELECT COUNT(*) AS tp_count FROM `uqee_hostlist` WHERE ( `ismanager` = 0 ) AND ( `ishost` = 0 ) AND ( `hostype` = 1 ) LIMIT 1   [ RunTime:0.002000s ]
SQL: SELECT COUNT(*) AS tp_count FROM `uqee_hostlist` WHERE ( `ismanager` = 0 ) AND ( `ishost` = 0 ) AND ( `hostype` = 2 ) LIMIT 1   [ RunTime:0.002000s ]
SQL: SELECT COUNT(*) AS tp_count FROM `uqee_hostlist` WHERE ( `ismanager` = 0 ) AND ( `ishost` = 1 ) LIMIT 1   [ RunTime:0.002501s ]
SQL: SELECT COUNT(*) AS tp_count FROM `uqee_hostlist` WHERE ( `ismanager` = 1 ) AND ( `ishost` = 0 ) AND ( `status` = 1 ) LIMIT 1   [ RunTime:0.002000s ]
SQL: SELECT COUNT(*) AS tp_count FROM `uqee_hostlist` WHERE ( `ismanager` = 1 ) AND ( `ishost` = 0 ) AND ( `status` = 0 ) LIMIT 1   [ RunTime:0.002500s ]
SQL: SELECT COUNT(*) AS tp_count FROM `uqee_hostlist` WHERE ( `ismanager` = 1 ) AND ( `ishost` = 0 ) AND ( `hostype` = 1 ) LIMIT 1   [ RunTime:0.004001s ]
SQL: SELECT COUNT(*) AS tp_count FROM `uqee_hostlist` WHERE ( `ismanager` = 1 ) AND ( `ishost` = 0 ) AND ( `hostype` = 2 ) LIMIT 1   [ RunTime:0.003000s ]
SQL: SELECT COUNT(*) AS tp_count FROM `uqee_hostlist` WHERE ( `ismanager` = 1 ) AND ( `ishost` = 1 ) LIMIT 1   [ RunTime:0.002000s ]
SQL: SELECT COUNT(*) AS tp_count FROM `uqee_hostlist` WHERE ( `ismanager` = 0 ) AND ( `ishost` = 2 ) AND ( `status` = 1 ) LIMIT 1   [ RunTime:0.002001s ]
SQL: SELECT COUNT(*) AS tp_count FROM `uqee_hostlist` WHERE ( `ismanager` = 0 ) AND ( `ishost` = 2 ) AND ( `status` = 0 ) LIMIT 1   [ RunTime:0.002000s ]
SQL: SELECT COUNT(*) AS tp_count FROM `uqee_hostlist` WHERE ( `ismanager` = 0 ) AND ( `ishost` = 2 ) AND ( `hostype` = 1 ) LIMIT 1   [ RunTime:0.004501s ]
SQL: SELECT COUNT(*) AS tp_count FROM `uqee_hostlist` WHERE ( `ismanager` = 0 ) AND ( `ishost` = 2 ) AND ( `hostype` = 2 ) LIMIT 1   [ RunTime:0.002500s ]
SQL: SELECT COUNT(*) AS tp_count FROM `uqee_hostlist` WHERE ( `ismanager` = 1 ) AND ( `ishost` = 2 ) AND ( `status` = 1 ) LIMIT 1   [ RunTime:0.002000s ]
SQL: SELECT COUNT(*) AS tp_count FROM `uqee_hostlist` WHERE ( `ismanager` = 1 ) AND ( `ishost` = 2 ) AND ( `status` = 0 ) LIMIT 1   [ RunTime:0.002001s ]
SQL: SELECT COUNT(*) AS tp_count FROM `uqee_hostlist` WHERE ( `ismanager` = 1 ) AND ( `ishost` = 2 ) AND ( `hostype` = 1 ) LIMIT 1   [ RunTime:0.002000s ]
SQL: SELECT COUNT(*) AS tp_count FROM `uqee_hostlist` WHERE ( `ismanager` = 1 ) AND ( `ishost` = 2 ) AND ( `hostype` = 2 ) LIMIT 1   [ RunTime:0.002000s ]
SQL: SHOW COLUMNS FROM `uqee_hosttemplate` [ RunTime:0.003501s ]
SQL: SELECT * FROM `uqee_hosttemplate`  [ RunTime:0.000000s ]
SQL: SELECT * FROM `uqee_hostlist` WHERE ( `mainip` LIKE '%4' ) ORDER BY id asc LIMIT 0,15   [ RunTime:0.001000s ]
SQL: SELECT COUNT(*) AS tp_count FROM `uqee_hostlist` WHERE ( `mainip` LIKE '%4' ) LIMIT 1   [ RunTime:0.002501s ]

